

#
# There is insufficient memory for the Java Runtime Environment to continue.
# Native memory allocation (malloc) failed to allocate 1184864 bytes for Chunk::new
# Possible reasons:
#   The system is out of physical RAM or swap space
#   In 32 bit mode, the process size limit was hit
# Possible solutions:
#   Reduce memory load on the system
#   Increase physical memory or swap space
#   Check if swap backing store is full
#   Use 64 bit Java on a 64 bit OS
#   Decrease Java heap size (-Xmx/-Xms)
#   Decrease number of Java threads
#   Decrease Java thread stack sizes (-Xss)
#   Set larger code cache with -XX:ReservedCodeCacheSize=
# This output file may be truncated or incomplete.
#
#  Out of Memory Error (allocation.cpp:390), pid=7732, tid=0x000000000000123c
#
# JRE version: Java(TM) SE Runtime Environment (8.0_121-b13) (build 1.8.0_121-b13)
# Java VM: Java HotSpot(TM) 64-Bit Server VM (25.121-b13 mixed mode windows-amd64 compressed oops)
# Failed to write core dump. Minidumps are not enabled by default on client versions of Windows
#

---------------  T H R E A D  ---------------

Current thread (0x00000000573e4800):  JavaThread "C2 CompilerThread1" daemon [_thread_in_native, id=4668, stack(0x0000000057c10000,0x0000000057d10000)]

Stack: [0x0000000057c10000,0x0000000057d10000]
[error occurred during error reporting (printing stack bounds), id 0xc0000005]

Native frames: (J=compiled Java code, j=interpreted, Vv=VM code, C=native code)


Current CompileTask:
C2: 534210 20995   !   4       com.sun.org.apache.xerces.internal.dom.CoreDocumentImpl::adoptNode (512 bytes)


---------------  P R O C E S S  ---------------

Java Threads: ( => current thread )
  0x000000005ed21000 JavaThread "pool-115-thread-1" [_thread_in_native, id=13012, stack(0x0000000066740000,0x0000000066840000)]
  0x000000005ed20800 JavaThread "stdout" daemon [_thread_in_native, id=6868, stack(0x0000000066590000,0x0000000066690000)]
  0x00000000583c2000 JavaThread "stderr" daemon [_thread_in_native, id=18348, stack(0x0000000066010000,0x0000000066110000)]
  0x000000005e727000 JavaThread "stdout" daemon [_thread_in_native, id=16524, stack(0x0000000065e80000,0x0000000065f80000)]
  0x000000005e72d000 JavaThread "stderr" daemon [_thread_in_native, id=2288, stack(0x0000000065ca0000,0x0000000065da0000)]
  0x000000005e72c000 JavaThread "stdout" daemon [_thread_in_native, id=5684, stack(0x0000000065b20000,0x0000000065c20000)]
  0x000000005e72a000 JavaThread "stderr" daemon [_thread_in_native, id=7472, stack(0x00000000659c0000,0x0000000065ac0000)]
  0x000000005e72b800 JavaThread "stdout" daemon [_thread_in_native, id=17312, stack(0x00000000656a0000,0x00000000657a0000)]
  0x000000005f068000 JavaThread "stderr" daemon [_thread_in_native, id=18596, stack(0x00000000657a0000,0x00000000658a0000)]
  0x000000005f069800 JavaThread "stdout" daemon [_thread_in_native, id=8096, stack(0x0000000065500000,0x0000000065600000)]
  0x000000005f066800 JavaThread "stderr" daemon [_thread_in_native, id=7296, stack(0x0000000065110000,0x0000000065210000)]
  0x000000005f069000 JavaThread "png-cruncher_10" daemon [_thread_blocked, id=17224, stack(0x00000000653b0000,0x00000000654b0000)]
  0x000000005f066000 JavaThread "png-cruncher_9" daemon [_thread_blocked, id=11444, stack(0x0000000065280000,0x0000000065380000)]
  0x000000005f067800 JavaThread "png-cruncher_8" daemon [_thread_in_Java, id=17464, stack(0x0000000064fd0000,0x00000000650d0000)]
  0x000000005f063800 JavaThread "png-cruncher_7" daemon [_thread_blocked, id=3500, stack(0x00000000649c0000,0x0000000064ac0000)]
  0x000000005f065000 JavaThread "png-cruncher_6" daemon [_thread_blocked, id=14620, stack(0x0000000056f20000,0x0000000057020000)]
  0x0000000057528000 JavaThread "pool-114-thread-4" [_thread_blocked, id=16032, stack(0x0000000063730000,0x0000000063830000)]
  0x0000000057525000 JavaThread "pool-114-thread-3" [_thread_blocked, id=9924, stack(0x0000000062280000,0x0000000062380000)]
  0x000000005752c000 JavaThread "pool-114-thread-2" [_thread_blocked, id=17580, stack(0x00000000635b0000,0x00000000636b0000)]
  0x000000005752a800 JavaThread "pool-114-thread-1" [_thread_blocked, id=17328, stack(0x00000000620e0000,0x00000000621e0000)]
  0x000000005752a000 JavaThread "Cache update executor" [_thread_blocked, id=5220, stack(0x0000000058910000,0x0000000058a10000)]
  0x0000000057529000 JavaThread "Stdin handler" [_thread_blocked, id=16372, stack(0x000000005b5c0000,0x000000005b6c0000)]
  0x0000000057526000 JavaThread "Asynchronous log dispatcher for DefaultDaemonConnection: socket connection from /127.0.0.1:65438 to /127.0.0.1:53910" [_thread_blocked, id=19220, stack(0x000000005b0e0000,0x000000005b1e0000)]
  0x000000005752b800 JavaThread "Cancel handler" [_thread_blocked, id=8996, stack(0x0000000060ec0000,0x0000000060fc0000)]
  0x0000000057527800 JavaThread "Handler for socket connection from /127.0.0.1:65438 to /127.0.0.1:53910" [_thread_in_native, id=17256, stack(0x000000005b330000,0x000000005b430000)]
  0x000000005e72a800 JavaThread "Daemon worker Thread 3" [_thread_in_native, id=7220, stack(0x000000005b480000,0x000000005b580000)]
  0x000000005e729000 JavaThread "Daemon Thread 3" [_thread_blocked, id=11792, stack(0x000000005b200000,0x000000005b300000)]
  0x00000000583c3800 JavaThread "pool-11-thread-4" [_thread_blocked, id=18428, stack(0x0000000064c40000,0x0000000064d40000)]
  0x00000000583c2800 JavaThread "pool-11-thread-3" [_thread_blocked, id=17664, stack(0x0000000064b20000,0x0000000064c20000)]
  0x00000000583be000 JavaThread "pool-11-thread-2" [_thread_blocked, id=7100, stack(0x0000000064880000,0x0000000064980000)]
  0x00000000583c1000 JavaThread "pool-11-thread-1" [_thread_blocked, id=4664, stack(0x00000000632a0000,0x00000000633a0000)]
  0x000000005e728800 JavaThread "pool-2-thread-1" [_thread_blocked, id=8720, stack(0x000000005f5a0000,0x000000005f6a0000)]
  0x000000005e727800 JavaThread "File lock request listener" [_thread_in_native, id=7900, stack(0x0000000060da0000,0x0000000060ea0000)]
  0x0000000059587000 JavaThread "Incoming local TCP Connector on port 65438" [_thread_in_native, id=14116, stack(0x0000000057ef0000,0x0000000057ff0000)]
  0x000000005945f800 JavaThread "pool-1-thread-1" [_thread_blocked, id=9488, stack(0x000000005aba0000,0x000000005aca0000)]
  0x00000000573f1800 JavaThread "Service Thread" daemon [_thread_blocked, id=7116, stack(0x0000000058010000,0x0000000058110000)]
  0x00000000573e5800 JavaThread "C1 CompilerThread2" daemon [_thread_blocked, id=4136, stack(0x0000000057db0000,0x0000000057eb0000)]
=>0x00000000573e4800 JavaThread "C2 CompilerThread1" daemon [_thread_in_native, id=4668, stack(0x0000000057c10000,0x0000000057d10000)]
  0x00000000573ca800 JavaThread "C2 CompilerThread0" daemon [_thread_blocked, id=7908, stack(0x0000000057a40000,0x0000000057b40000)]
  0x00000000573c9800 JavaThread "Attach Listener" daemon [_thread_blocked, id=1880, stack(0x0000000057820000,0x0000000057920000)]
  0x00000000573c8800 JavaThread "Signal Dispatcher" daemon [_thread_blocked, id=13752, stack(0x0000000057180000,0x0000000057280000)]
  0x0000000055f3f800 JavaThread "Finalizer" daemon [_thread_blocked, id=2028, stack(0x00000000572c0000,0x00000000573c0000)]
  0x0000000055ef8800 JavaThread "Reference Handler" daemon [_thread_blocked, id=7912, stack(0x0000000057040000,0x0000000057140000)]
  0x000000000208f000 JavaThread "main" [_thread_blocked, id=4196, stack(0x0000000002270000,0x0000000002370000)]

Other Threads:
  0x0000000055eef000 VMThread [stack: 0x0000000056e00000,0x0000000056f00000] [id=15728]
  0x00000000573f6000 WatcherThread [stack: 0x0000000057930000,0x0000000057a30000] [id=17376]

VM state:not at safepoint (normal execution)

VM Mutex/Monitor currently owned by a thread: None

Heap:
 PSYoungGen      total 381952K, used 254843K [0x00000000e0000000, 0x0000000100000000, 0x0000000100000000)
  eden space 239616K, 73% used [0x00000000e0000000,0x00000000eacf1d48,0x00000000eea00000)
  from space 142336K, 54% used [0x00000000eea00000,0x00000000f35ed118,0x00000000f7500000)
  to   space 142336K, 0% used [0x00000000f7500000,0x00000000f7500000,0x0000000100000000)
 ParOldGen       total 321536K, used 209840K [0x00000000a0000000, 0x00000000b3a00000, 0x00000000e0000000)
  object space 321536K, 65% used [0x00000000a0000000,0x00000000accec018,0x00000000b3a00000)
 Metaspace       used 72495K, capacity 75972K, committed 76120K, reserved 1116160K
  class space    used 9131K, capacity 9754K, committed 9816K, reserved 1048576K

Card table byte_map: [0x0000000011730000,0x0000000011a40000] byte_map_base: 0x0000000011230000

Marking Bits: (ParMarkBitMap*) 0x000000007066b6d0
 Begin Bits: [0x0000000012260000, 0x0000000013a60000)
 End Bits:   [0x0000000013a60000, 0x0000000015260000)

Polling page: 0x0000000001c40000

CodeCache: size=245760Kb used=55786Kb max_used=56734Kb free=189973Kb
 bounds [0x0000000002370000, 0x0000000005b20000, 0x0000000011370000]
 total_blobs=16670 nmethods=15872 adapters=708
 compilation: enabled

Compilation events (10 events):
Event: 534.134 Thread 0x00000000573e5800 nmethod 21008 0x000000000494b250 code [0x000000000494b4c0, 0x000000000494c478]
Event: 534.149 Thread 0x00000000573e5800 21009       3       java.util.concurrent.ConcurrentLinkedQueue::remove (102 bytes)
Event: 534.150 Thread 0x00000000573e5800 nmethod 21009 0x0000000004974d50 code [0x0000000004974f20, 0x00000000049757b8]
Event: 534.151 Thread 0x00000000573e5800 21010       3       com.android.builder.png.QueuedCruncher$2::run (133 bytes)
Event: 534.151 Thread 0x00000000573e5800 nmethod 21010 0x000000000427dad0 code [0x000000000427dd40, 0x000000000427f208]
Event: 534.152 Thread 0x00000000573e5800 21011  s    3       com.android.builder.png.AaptProcess$ProcessOutputFacade::setNotifier (23 bytes)
Event: 534.152 Thread 0x00000000573e5800 nmethod 21011 0x0000000003957090 code [0x0000000003957200, 0x00000000039575c8]
Event: 534.152 Thread 0x00000000573e5800 21012   !   3       com.android.builder.tasks.Job::await (15 bytes)
Event: 534.152 Thread 0x00000000573e5800 nmethod 21012 0x000000000459d2d0 code [0x000000000459d440, 0x000000000459d688]
Event: 534.152 Thread 0x00000000573e5800 21013       3       com.android.builder.png.AaptProcess$NotifierProcessOutput::<init> (43 bytes)

GC Heap History (10 events):
Event: 500.726 GC heap before
{Heap before GC invocations=34 (full 5):
 PSYoungGen      total 418816K, used 410210K [0x00000000e0000000, 0x0000000100000000, 0x0000000100000000)
  eden space 336896K, 100% used [0x00000000e0000000,0x00000000f4900000,0x00000000f4900000)
  from space 81920K, 89% used [0x00000000fa700000,0x00000000fee98828,0x00000000ff700000)
  to   space 93696K, 0% used [0x00000000f4900000,0x00000000f4900000,0x00000000fa480000)
 ParOldGen       total 321536K, used 136193K [0x00000000a0000000, 0x00000000b3a00000, 0x00000000e0000000)
  object space 321536K, 42% used [0x00000000a0000000,0x00000000a8500720,0x00000000b3a00000)
 Metaspace       used 71988K, capacity 75290K, committed 75480K, reserved 1116160K
  class space    used 9075K, capacity 9681K, committed 9688K, reserved 1048576K
Event: 500.781 GC heap after
Heap after GC invocations=34 (full 5):
 PSYoungGen      total 430592K, used 93694K [0x00000000e0000000, 0x0000000100000000, 0x0000000100000000)
  eden space 336896K, 0% used [0x00000000e0000000,0x00000000e0000000,0x00000000f4900000)
  from space 93696K, 99% used [0x00000000f4900000,0x00000000fa47f908,0x00000000fa480000)
  to   space 93696K, 0% used [0x00000000fa480000,0x00000000fa480000,0x0000000100000000)
 ParOldGen       total 321536K, used 138507K [0x00000000a0000000, 0x00000000b3a00000, 0x00000000e0000000)
  object space 321536K, 43% used [0x00000000a0000000,0x00000000a8742db8,0x00000000b3a00000)
 Metaspace       used 71988K, capacity 75290K, committed 75480K, reserved 1116160K
  class space    used 9075K, capacity 9681K, committed 9688K, reserved 1048576K
}
Event: 501.386 GC heap before
{Heap before GC invocations=35 (full 5):
 PSYoungGen      total 430592K, used 430590K [0x00000000e0000000, 0x0000000100000000, 0x0000000100000000)
  eden space 336896K, 100% used [0x00000000e0000000,0x00000000f4900000,0x00000000f4900000)
  from space 93696K, 99% used [0x00000000f4900000,0x00000000fa47f908,0x00000000fa480000)
  to   space 93696K, 0% used [0x00000000fa480000,0x00000000fa480000,0x0000000100000000)
 ParOldGen       total 321536K, used 138507K [0x00000000a0000000, 0x00000000b3a00000, 0x00000000e0000000)
  object space 321536K, 43% used [0x00000000a0000000,0x00000000a8742db8,0x00000000b3a00000)
 Metaspace       used 71995K, capacity 75290K, committed 75480K, reserved 1116160K
  class space    used 9075K, capacity 9681K, committed 9688K, reserved 1048576K
Event: 501.461 GC heap after
Heap after GC invocations=35 (full 5):
 PSYoungGen      total 343552K, used 93690K [0x00000000e0000000, 0x0000000100000000, 0x0000000100000000)
  eden space 249856K, 0% used [0x00000000e0000000,0x00000000e0000000,0x00000000ef400000)
  from space 93696K, 99% used [0x00000000fa480000,0x00000000ffffe9a8,0x0000000100000000)
  to   space 137216K, 0% used [0x00000000ef400000,0x00000000ef400000,0x00000000f7a00000)
 ParOldGen       total 321536K, used 171942K [0x00000000a0000000, 0x00000000b3a00000, 0x00000000e0000000)
  object space 321536K, 53% used [0x00000000a0000000,0x00000000aa7e9808,0x00000000b3a00000)
 Metaspace       used 71995K, capacity 75290K, committed 75480K, reserved 1116160K
  class space    used 9075K, capacity 9681K, committed 9688K, reserved 1048576K
}
Event: 501.871 GC heap before
{Heap before GC invocations=36 (full 5):
 PSYoungGen      total 343552K, used 343546K [0x00000000e0000000, 0x0000000100000000, 0x0000000100000000)
  eden space 249856K, 100% used [0x00000000e0000000,0x00000000ef400000,0x00000000ef400000)
  from space 93696K, 99% used [0x00000000fa480000,0x00000000ffffe9a8,0x0000000100000000)
  to   space 137216K, 0% used [0x00000000ef400000,0x00000000ef400000,0x00000000f7a00000)
 ParOldGen       total 321536K, used 171942K [0x00000000a0000000, 0x00000000b3a00000, 0x00000000e0000000)
  object space 321536K, 53% used [0x00000000a0000000,0x00000000aa7e9808,0x00000000b3a00000)
 Metaspace       used 72011K, capacity 75290K, committed 75480K, reserved 1116160K
  class space    used 9075K, capacity 9681K, committed 9688K, reserved 1048576K
Event: 501.926 GC heap after
Heap after GC invocations=36 (full 5):
 PSYoungGen      total 331264K, used 80897K [0x00000000e0000000, 0x0000000100000000, 0x0000000100000000)
  eden space 249856K, 0% used [0x00000000e0000000,0x00000000e0000000,0x00000000ef400000)
  from space 81408K, 99% used [0x00000000ef400000,0x00000000f4300600,0x00000000f4380000)
  to   space 140800K, 0% used [0x00000000f7680000,0x00000000f7680000,0x0000000100000000)
 ParOldGen       total 321536K, used 180626K [0x00000000a0000000, 0x00000000b3a00000, 0x00000000e0000000)
  object space 321536K, 56% used [0x00000000a0000000,0x00000000ab0649b8,0x00000000b3a00000)
 Metaspace       used 72011K, capacity 75290K, committed 75480K, reserved 1116160K
  class space    used 9075K, capacity 9681K, committed 9688K, reserved 1048576K
}
Event: 502.208 GC heap before
{Heap before GC invocations=37 (full 5):
 PSYoungGen      total 331264K, used 330753K [0x00000000e0000000, 0x0000000100000000, 0x0000000100000000)
  eden space 249856K, 100% used [0x00000000e0000000,0x00000000ef400000,0x00000000ef400000)
  from space 81408K, 99% used [0x00000000ef400000,0x00000000f4300600,0x00000000f4380000)
  to   space 140800K, 0% used [0x00000000f7680000,0x00000000f7680000,0x0000000100000000)
 ParOldGen       total 321536K, used 180626K [0x00000000a0000000, 0x00000000b3a00000, 0x00000000e0000000)
  object space 321536K, 56% used [0x00000000a0000000,0x00000000ab0649b8,0x00000000b3a00000)
 Metaspace       used 72014K, capacity 75290K, committed 75480K, reserved 1116160K
  class space    used 9075K, capacity 9681K, committed 9688K, reserved 1048576K
Event: 502.261 GC heap after
Heap after GC invocations=37 (full 5):
 PSYoungGen      total 380416K, used 77742K [0x00000000e0000000, 0x0000000100000000, 0x0000000100000000)
  eden space 239616K, 0% used [0x00000000e0000000,0x00000000e0000000,0x00000000eea00000)
  from space 140800K, 55% used [0x00000000f7680000,0x00000000fc26b968,0x0000000100000000)
  to   space 142336K, 0% used [0x00000000eea00000,0x00000000eea00000,0x00000000f7500000)
 ParOldGen       total 321536K, used 188124K [0x00000000a0000000, 0x00000000b3a00000, 0x00000000e0000000)
  object space 321536K, 58% used [0x00000000a0000000,0x00000000ab7b72c0,0x00000000b3a00000)
 Metaspace       used 72014K, capacity 75290K, committed 75480K, reserved 1116160K
  class space    used 9075K, capacity 9681K, committed 9688K, reserved 1048576K
}
Event: 502.767 GC heap before
{Heap before GC invocations=38 (full 5):
 PSYoungGen      total 380416K, used 317358K [0x00000000e0000000, 0x0000000100000000, 0x0000000100000000)
  eden space 239616K, 100% used [0x00000000e0000000,0x00000000eea00000,0x00000000eea00000)
  from space 140800K, 55% used [0x00000000f7680000,0x00000000fc26b968,0x0000000100000000)
  to   space 142336K, 0% used [0x00000000eea00000,0x00000000eea00000,0x00000000f7500000)
 ParOldGen       total 321536K, used 188124K [0x00000000a0000000, 0x00000000b3a00000, 0x00000000e0000000)
  object space 321536K, 58% used [0x00000000a0000000,0x00000000ab7b72c0,0x00000000b3a00000)
 Metaspace       used 72019K, capacity 75290K, committed 75480K, reserved 1116160K
  class space    used 9075K, capacity 9681K, committed 9688K, reserved 1048576K
Event: 502.823 GC heap after
Heap after GC invocations=38 (full 5):
 PSYoungGen      total 381952K, used 77748K [0x00000000e0000000, 0x0000000100000000, 0x0000000100000000)
  eden space 239616K, 0% used [0x00000000e0000000,0x00000000e0000000,0x00000000eea00000)
  from space 142336K, 54% used [0x00000000eea00000,0x00000000f35ed118,0x00000000f7500000)
  to   space 142336K, 0% used [0x00000000f7500000,0x00000000f7500000,0x0000000100000000)
 ParOldGen       total 321536K, used 209840K [0x00000000a0000000, 0x00000000b3a00000, 0x00000000e0000000)
  object space 321536K, 65% used [0x00000000a0000000,0x00000000accec018,0x00000000b3a00000)
 Metaspace       used 72019K, capacity 75290K, committed 75480K, reserved 1116160K
  class space    used 9075K, capacity 9681K, committed 9688K, reserved 1048576K
}

Deoptimization events (10 events):
Event: 517.700 Thread 0x000000005e729000 Uncommon trap: reason=class_check action=maybe_recompile pc=0x00000000053e33e0 method=java.io.ObjectOutputStream$BlockDataOutputStream.write([BIIZ)V @ 23
Event: 517.702 Thread 0x000000005e729000 Uncommon trap: reason=class_check action=maybe_recompile pc=0x00000000053e33e0 method=java.io.ObjectOutputStream$BlockDataOutputStream.write([BIIZ)V @ 23
Event: 517.703 Thread 0x000000005e729000 Uncommon trap: reason=class_check action=maybe_recompile pc=0x00000000053e33e0 method=java.io.ObjectOutputStream$BlockDataOutputStream.write([BIIZ)V @ 23
Event: 517.703 Thread 0x000000005e729000 Uncommon trap: reason=class_check action=maybe_recompile pc=0x00000000053e33e0 method=java.io.ObjectOutputStream$BlockDataOutputStream.write([BIIZ)V @ 23
Event: 517.704 Thread 0x000000005e729000 Uncommon trap: reason=array_check action=maybe_recompile pc=0x0000000003b59744 method=java.util.TimSort.reverseRange([Ljava/lang/Object;II)V @ 20
Event: 517.704 Thread 0x000000005e729000 Uncommon trap: reason=array_check action=maybe_recompile pc=0x0000000003b59744 method=java.util.TimSort.reverseRange([Ljava/lang/Object;II)V @ 20
Event: 530.195 Thread 0x000000005e72a800 Uncommon trap: reason=class_check action=maybe_recompile pc=0x00000000038af14c method=sun.nio.cs.ThreadLocalCoders$1.hasName(Ljava/lang/Object;Ljava/lang/Object;)Z @ 8
Event: 530.436 Thread 0x000000005e72a800 Uncommon trap: reason=unstable_if action=reinterpret pc=0x0000000004857fc8 method=org.gradle.internal.resolve.result.DefaultBuildableModuleComponentMetaDataResolveResult.hasResult()Z @ 7
Event: 532.728 Thread 0x0000000057526000 Uncommon trap: reason=unstable_if action=reinterpret pc=0x0000000002ec5978 method=java.util.concurrent.locks.ReentrantLock$Sync.nonfairTryAcquire(I)Z @ 19
Event: 532.788 Thread 0x000000005e72a800 Uncommon trap: reason=null_check action=make_not_entrant pc=0x0000000005523184 method=com.sun.org.apache.xerces.internal.dom.NamedNodeMapImpl.findNamePoint(Ljava/lang/String;Ljava/lang/String;)I @ 76

Internal exceptions (10 events):
Event: 530.420 Thread 0x000000005e72a800 Exception <a 'sun/nio/fs/WindowsException'> (0x00000000e5bf0380) thrown at [C:\re\workspace\8-2-build-windows-amd64-cygwin\jdk8u121\8372\hotspot\src\share\vm\prims\jni.cpp, line 709]
Event: 530.420 Thread 0x000000005e72a800 Exception <a 'sun/nio/fs/WindowsException'> (0x00000000e5bf2b98) thrown at [C:\re\workspace\8-2-build-windows-amd64-cygwin\jdk8u121\8372\hotspot\src\share\vm\prims\jni.cpp, line 709]
Event: 530.420 Thread 0x000000005e72a800 Exception <a 'sun/nio/fs/WindowsException'> (0x00000000e5bf3778) thrown at [C:\re\workspace\8-2-build-windows-amd64-cygwin\jdk8u121\8372\hotspot\src\share\vm\prims\jni.cpp, line 709]
Event: 530.420 Thread 0x000000005e72a800 Exception <a 'sun/nio/fs/WindowsException'> (0x00000000e5bf5390) thrown at [C:\re\workspace\8-2-build-windows-amd64-cygwin\jdk8u121\8372\hotspot\src\share\vm\prims\jni.cpp, line 709]
Event: 530.420 Thread 0x000000005e72a800 Exception <a 'sun/nio/fs/WindowsException'> (0x00000000e5bf5fb0) thrown at [C:\re\workspace\8-2-build-windows-amd64-cygwin\jdk8u121\8372\hotspot\src\share\vm\prims\jni.cpp, line 709]
Event: 530.420 Thread 0x000000005e72a800 Exception <a 'sun/nio/fs/WindowsException'> (0x00000000e5bf8958) thrown at [C:\re\workspace\8-2-build-windows-amd64-cygwin\jdk8u121\8372\hotspot\src\share\vm\prims\jni.cpp, line 709]
Event: 530.420 Thread 0x000000005e72a800 Exception <a 'sun/nio/fs/WindowsException'> (0x00000000e5bf95b0) thrown at [C:\re\workspace\8-2-build-windows-amd64-cygwin\jdk8u121\8372\hotspot\src\share\vm\prims\jni.cpp, line 709]
Event: 530.420 Thread 0x000000005e72a800 Exception <a 'sun/nio/fs/WindowsException'> (0x00000000e5bfb240) thrown at [C:\re\workspace\8-2-build-windows-amd64-cygwin\jdk8u121\8372\hotspot\src\share\vm\prims\jni.cpp, line 709]
Event: 530.420 Thread 0x000000005e72a800 Exception <a 'sun/nio/fs/WindowsException'> (0x00000000e5bfbed8) thrown at [C:\re\workspace\8-2-build-windows-amd64-cygwin\jdk8u121\8372\hotspot\src\share\vm\prims\jni.cpp, line 709]
Event: 532.788 Thread 0x000000005e72a800 Implicit null exception at 0x0000000005522ef7 to 0x0000000005523155

Events (10 events):
Event: 534.032 Thread 0x000000005ed20800 Thread added: 0x000000005ed20800
Event: 534.058 Executing VM operation: RevokeBias
Event: 534.058 Executing VM operation: RevokeBias done
Event: 534.058 Executing VM operation: RevokeBias
Event: 534.058 Executing VM operation: RevokeBias done
Event: 534.064 Thread 0x000000005ed21000 Thread added: 0x000000005ed21000
Event: 534.065 Executing VM operation: RevokeBias
Event: 534.065 Executing VM operation: RevokeBias done
Event: 534.070 Thread 0x000000005e727000 DEOPT PACKING pc=0x00000000029d7f8e sp=0x0000000065f7efc0
Event: 534.070 Thread 0x000000005e727000 DEOPT UNPACKING pc=0x00000000023b787f sp=0x0000000065f7edc8 mode 0


Dynamic libraries:
0x000000013fcd0000 - 0x000000013fd07000 	C:\Program Files\Java\jdk1.8.0_121\bin\java.exe
0x00000000778c0000 - 0x0000000077a6a000 	C:\windows\SYSTEM32\ntdll.dll
0x00000000777a0000 - 0x00000000778bf000 	C:\windows\system32\kernel32.dll
0x000007fefd880000 - 0x000007fefd8ea000 	C:\windows\system32\KERNELBASE.dll
0x000007fefde40000 - 0x000007fefdf1b000 	C:\windows\system32\ADVAPI32.dll
0x000007feffa00000 - 0x000007feffa9f000 	C:\windows\system32\msvcrt.dll
0x000007feff110000 - 0x000007feff12f000 	C:\windows\SYSTEM32\sechost.dll
0x000007fefee00000 - 0x000007fefef2d000 	C:\windows\system32\RPCRT4.dll
0x00000000776a0000 - 0x000000007779a000 	C:\windows\system32\USER32.dll
0x000007fefdc80000 - 0x000007fefdce7000 	C:\windows\system32\GDI32.dll
0x000007feff130000 - 0x000007feff13e000 	C:\windows\system32\LPK.dll
0x000007fefecb0000 - 0x000007fefed7b000 	C:\windows\system32\USP10.dll
0x000007fefc240000 - 0x000007fefc434000 	C:\windows\WinSxS\amd64_microsoft.windows.common-controls_6595b64144ccf1df_6.0.7601.18837_none_fa3b1e3d17594757\COMCTL32.dll
0x000007feff5a0000 - 0x000007feff611000 	C:\windows\system32\SHLWAPI.dll
0x000007feff8d0000 - 0x000007feff8fe000 	C:\windows\system32\IMM32.DLL
0x000007feff7b0000 - 0x000007feff8b9000 	C:\windows\system32\MSCTF.dll
0x0000000070870000 - 0x0000000070942000 	C:\Program Files\Java\jdk1.8.0_121\jre\bin\msvcr100.dll
0x000000006fe50000 - 0x00000000706eb000 	C:\Program Files\Java\jdk1.8.0_121\jre\bin\server\jvm.dll
0x000007fefb5f0000 - 0x000007fefb5f9000 	C:\windows\system32\WSOCK32.dll
0x000007fefddf0000 - 0x000007fefde3d000 	C:\windows\system32\WS2_32.dll
0x000007feff8c0000 - 0x000007feff8c8000 	C:\windows\system32\NSI.dll
0x000007fefaeb0000 - 0x000007fefaeeb000 	C:\windows\system32\WINMM.dll
0x000007fefc8d0000 - 0x000007fefc8dc000 	C:\windows\system32\VERSION.dll
0x0000000077a90000 - 0x0000000077a97000 	C:\windows\system32\PSAPI.DLL
0x0000000072ee0000 - 0x0000000072eef000 	C:\Program Files\Java\jdk1.8.0_121\jre\bin\verify.dll
0x0000000072eb0000 - 0x0000000072ed9000 	C:\Program Files\Java\jdk1.8.0_121\jre\bin\java.dll
0x0000000072e90000 - 0x0000000072ea6000 	C:\Program Files\Java\jdk1.8.0_121\jre\bin\zip.dll
0x000007fefdf20000 - 0x000007fefecab000 	C:\windows\system32\SHELL32.dll
0x000007feff3a0000 - 0x000007feff59c000 	C:\windows\system32\ole32.dll
0x000007fefd7d0000 - 0x000007fefd7df000 	C:\windows\system32\profapi.dll
0x0000000072dc0000 - 0x0000000072dda000 	C:\Program Files\Java\jdk1.8.0_121\jre\bin\net.dll
0x000007fefcfc0000 - 0x000007fefd015000 	C:\windows\system32\mswsock.dll
0x000007fefcfb0000 - 0x000007fefcfb7000 	C:\windows\System32\wship6.dll
0x0000000072da0000 - 0x0000000072db1000 	C:\Program Files\Java\jdk1.8.0_121\jre\bin\nio.dll
0x000007fef3570000 - 0x000007fef358e000 	C:\Users\admin\.gradle\native\23\windows-amd64\native-platform.dll
0x000007fefd020000 - 0x000007fefd038000 	C:\windows\system32\CRYPTSP.dll
0x000007fefcd20000 - 0x000007fefcd67000 	C:\windows\system32\rsaenh.dll
0x000007fefcae0000 - 0x000007fefcafe000 	C:\windows\system32\USERENV.dll
0x000007fefd700000 - 0x000007fefd70f000 	C:\windows\system32\CRYPTBASE.dll
0x000007fefb320000 - 0x000007fefb347000 	C:\windows\system32\IPHLPAPI.DLL
0x000007fefb310000 - 0x000007fefb31b000 	C:\windows\system32\WINNSI.DLL
0x000007fefa5a0000 - 0x000007fefa5b1000 	C:\windows\system32\dhcpcsvc6.DLL
0x000007fefa580000 - 0x000007fefa598000 	C:\windows\system32\dhcpcsvc.DLL
0x00000000710d0000 - 0x00000000710dd000 	C:\Program Files\Java\jdk1.8.0_121\jre\bin\management.dll
0x000007fefd6a0000 - 0x000007fefd6f7000 	C:\windows\system32\apphelp.dll
0x00000000742b0000 - 0x00000000742d4000 	C:\Program Files\Java\jdk1.8.0_121\jre\bin\sunec.dll
0x00000000742a0000 - 0x00000000742ab000 	C:\Program Files\Java\jdk1.8.0_121\jre\bin\sunmscapi.dll
0x000007fefd930000 - 0x000007fefda9d000 	C:\windows\system32\CRYPT32.dll
0x000007fefd870000 - 0x000007fefd87f000 	C:\windows\system32\MSASN1.dll

VM Arguments:
jvm_args: -Xmx1536m -Dfile.encoding=GBK -Duser.country=CN -Duser.language=zh -Duser.variant 
java_command: org.gradle.launcher.daemon.bootstrap.GradleDaemon 3.3
java_class_path (initial): C:\Users\admin\.gradle\wrapper\dists\gradle-3.3-all\55gk2rcmfc6p2dg9u9ohc3hw9\gradle-3.3\lib\gradle-launcher-3.3.jar
Launcher Type: SUN_STANDARD

Environment Variables:
JAVA_HOME=C:\Program Files\Java\jdk1.7.0_17
CLASSPATH=.;C:\Program Files\Java\jdk1.7.0_17\lib;
PATH=C:\Program Files (x86)\Common Files\NetSarang;C:\Program Files\Java\jdk1.7.0_17\bin;C:\Program Files\Java\jdk1.7.0_17\jre\bin;C:\windows\system32\;C:\Program Files (x86)\Common Files\microsoft shared\TigerKin;D:\Program Files (x86)\MySQL\MySQL Server 5.5\bin;D:\Program Files\adt-bundle-windows-x86-20131030\sdk\platform-tools;C:\windows;C:\windows\system32\wbem;D:\Program Files\MySQL\MySQL Server 5.5\bin;D:\Program Files (x86)\MySQL\MySQL Server 5.1\bin;C:\strawberry\c\bin;C:\strawberry\perl\bin;C:\Program Files (x86)\GtkSharp\2.12\bin;C:\Program Files (x86)\Microsoft SQL Server\80\Tools\Binn\;C:\Program Files\Git\cmd;C:\Program Files\Java\jdk1.7.0_17\bin;C:\Users\admin\AppData\Local\Android\sdk\platform-tools;C:\Users\admin\AppData\Local\Android\sdk\tools;C:\Program Files\TortoiseSVN\bin;
USERNAME=admin
OS=Windows_NT
PROCESSOR_IDENTIFIER=Intel64 Family 6 Model 94 Stepping 3, GenuineIntel



---------------  S Y S T E M  ---------------

OS: Windows 7 , 64 bit Build 7601 (6.1.7601.23807)

CPU:total 4 (4 cores per cpu, 1 threads per core) family 6 model 94 stepping 3, cmov, cx8, fxsr, mmx, sse, sse2, sse3, ssse3, sse4.1, sse4.2, popcnt, avx, avx2, aes, clmul, erms, rtm, 3dnowpref, lzcnt, tsc, tscinvbit, bmi1, bmi2, adx

Memory: 4k page, physical 8340100k(151024k free), swap 10435392k(7384k free)

vm_info: Java HotSpot(TM) 64-Bit Server VM (25.121-b13) for windows-amd64 JRE (1.8.0_121-b13), built on Dec 12 2016 18:21:36 by "java_re" with MS VC++ 10.0 (VS2010)

time: Wed Jul 05 17:44:55 2017
elapsed time: 534 seconds (0d 0h 8m 54s)

