#
# There is insufficient memory for the Java Runtime Environment to continue.
# Native memory allocation (malloc) failed to allocate 1769456 bytes for Chunk::new
# Possible reasons:
#   The system is out of physical RAM or swap space
#   In 32 bit mode, the process size limit was hit
# Possible solutions:
#   Reduce memory load on the system
#   Increase physical memory or swap space
#   Check if swap backing store is full
#   Use 64 bit Java on a 64 bit OS
#   Decrease Java heap size (-Xmx/-Xms)
#   Decrease number of Java threads
#   Decrease Java thread stack sizes (-Xss)
#   Set larger code cache with -XX:ReservedCodeCacheSize=
# This output file may be truncated or incomplete.
#
#  Out of Memory Error (allocation.cpp:390), pid=13460, tid=0x0000000000004afc
#
# JRE version: Java(TM) SE Runtime Environment (8.0_121-b13) (build 1.8.0_121-b13)
# Java VM: Java HotSpot(TM) 64-Bit Server VM (25.121-b13 mixed mode windows-amd64 compressed oops)
# Failed to write core dump. Minidumps are not enabled by default on client versions of Windows
#

---------------  T H R E A D  ---------------

Current thread (0x000000005749a800):  JavaThread "C2 CompilerThread0" daemon [_thread_in_native, id=19196, stack(0x0000000057b30000,0x0000000057c30000)]

Stack: [0x0000000057b30000,0x0000000057c30000]
[error occurred during error reporting (printing stack bounds), id 0xc0000005]

Native frames: (J=compiled Java code, j=interpreted, Vv=VM code, C=native code)


Current CompileTask:
C2:4035943 23243   !   4       org.gradle.api.internal.artifacts.ivyservice.ivyresolve.ErrorHandlingModuleComponentRepository$ErrorHandlingModuleComponentRepositoryAccess::resolveComponentMetaData (34 bytes)


---------------  P R O C E S S  ---------------

Java Threads: ( => current thread )
  0x00000000598ef000 JavaThread "Cache update executor" [_thread_blocked, id=3800, stack(0x00000000610e0000,0x00000000611e0000)]
  0x000000005f0d5800 JavaThread "Stdin handler" [_thread_blocked, id=14704, stack(0x000000005ba50000,0x000000005bb50000)]
  0x000000005f0d7000 JavaThread "Asynchronous log dispatcher for DefaultDaemonConnection: socket connection from /127.0.0.1:64391 to /127.0.0.1:65396" [_thread_blocked, id=14468, stack(0x000000005b130000,0x000000005b230000)]
  0x000000005f0d8800 JavaThread "Daemon worker Thread 9" [_thread_in_native, id=17968, stack(0x000000005b8b0000,0x000000005b9b0000)]
  0x000000005f0d7800 JavaThread "Cancel handler" [_thread_blocked, id=10444, stack(0x000000005b690000,0x000000005b790000)]
  0x000000005f0d6000 JavaThread "Handler for socket connection from /127.0.0.1:64391 to /127.0.0.1:65396" [_thread_in_native, id=6868, stack(0x000000005b3e0000,0x000000005b4e0000)]
  0x000000005f0d3000 JavaThread "Daemon Thread 9" [_thread_blocked, id=908, stack(0x000000005b2b0000,0x000000005b3b0000)]
  0x00000000598ea000 JavaThread "pool-4-thread-4" [_thread_blocked, id=16720, stack(0x0000000062ee0000,0x0000000062fe0000)]
  0x00000000598e9800 JavaThread "pool-4-thread-3" [_thread_blocked, id=18480, stack(0x0000000062ca0000,0x0000000062da0000)]
  0x000000005f0da000 JavaThread "pool-4-thread-2" [_thread_blocked, id=13012, stack(0x0000000062b30000,0x0000000062c30000)]
  0x000000005f0d9000 JavaThread "pool-4-thread-1" [_thread_blocked, id=18316, stack(0x0000000062900000,0x0000000062a00000)]
  0x000000005f0d4800 JavaThread "pool-2-thread-1" [_thread_blocked, id=9712, stack(0x000000005f5a0000,0x000000005f6a0000)]
  0x000000005f0d4000 JavaThread "File lock request listener" [_thread_in_native, id=10536, stack(0x00000000611f0000,0x00000000612f0000)]
  0x0000000059562800 JavaThread "Incoming local TCP Connector on port 64391" [_thread_in_native, id=15312, stack(0x00000000589c0000,0x0000000058ac0000)]
  0x0000000059734000 JavaThread "pool-1-thread-1" [_thread_blocked, id=10752, stack(0x0000000057f70000,0x0000000058070000)]
  0x000000005752c000 JavaThread "Service Thread" daemon [_thread_blocked, id=12012, stack(0x0000000057e30000,0x0000000057f30000)]
  0x00000000574b5800 JavaThread "C1 CompilerThread2" daemon [_thread_blocked, id=16136, stack(0x0000000057d20000,0x0000000057e20000)]
  0x00000000574b4800 JavaThread "C2 CompilerThread1" daemon [_thread_blocked, id=12952, stack(0x0000000011c90000,0x0000000011d90000)]
=>0x000000005749a800 JavaThread "C2 CompilerThread0" daemon [_thread_in_native, id=19196, stack(0x0000000057b30000,0x0000000057c30000)]
  0x0000000057499800 JavaThread "Attach Listener" daemon [_thread_blocked, id=15684, stack(0x00000000578d0000,0x00000000579d0000)]
  0x0000000057498800 JavaThread "Signal Dispatcher" daemon [_thread_blocked, id=10792, stack(0x0000000057a20000,0x0000000057b20000)]
  0x00000000560bf800 JavaThread "Finalizer" daemon [_thread_blocked, id=768, stack(0x0000000057390000,0x0000000057490000)]
  0x0000000056078800 JavaThread "Reference Handler" daemon [_thread_blocked, id=10860, stack(0x00000000571f0000,0x00000000572f0000)]
  0x000000000212f000 JavaThread "main" [_thread_blocked, id=9056, stack(0x00000000022c0000,0x00000000023c0000)]

Other Threads:
  0x000000005606f000 VMThread [stack: 0x00000000570b0000,0x00000000571b0000] [id=14740]
  0x000000005756b800 WatcherThread [stack: 0x00000000580a0000,0x00000000581a0000] [id=15344]

VM state:not at safepoint (normal execution)

VM Mutex/Monitor currently owned by a thread: None

Heap:
 PSYoungGen      total 383488K, used 218285K [0x00000000e0000000, 0x00000000ffe80000, 0x0000000100000000)
  eden space 253440K, 84% used [0x00000000e0000000,0x00000000ed065470,0x00000000ef780000)
  from space 130048K, 3% used [0x00000000f7680000,0x00000000f7b460f8,0x00000000ff580000)
  to   space 130048K, 0% used [0x00000000ef780000,0x00000000ef780000,0x00000000f7680000)
 ParOldGen       total 241664K, used 65581K [0x00000000a0000000, 0x00000000aec00000, 0x00000000e0000000)
  object space 241664K, 27% used [0x00000000a0000000,0x00000000a400b718,0x00000000aec00000)
 Metaspace       used 74425K, capacity 79998K, committed 80216K, reserved 1120256K
  class space    used 9430K, capacity 10204K, committed 10328K, reserved 1048576K

Card table byte_map: [0x0000000011780000,0x0000000011a90000] byte_map_base: 0x0000000011280000

Marking Bits: (ParMarkBitMap*) 0x000000007066b6d0
 Begin Bits: [0x00000000123e0000, 0x0000000013be0000)
 End Bits:   [0x0000000013be0000, 0x00000000153e0000)

Polling page: 0x00000000001a0000

CodeCache: size=245760Kb used=60418Kb max_used=60801Kb free=185341Kb
 bounds [0x00000000023c0000, 0x0000000005fb0000, 0x00000000113c0000]
 total_blobs=18040 nmethods=17243 adapters=707
 compilation: enabled

Compilation events (10 events):
Event: 4035.379 Thread 0x00000000574b4800 23260       4       com.android.ide.common.res2.ResourceItem::getQualifiers (47 bytes)
Event: 4035.380 Thread 0x00000000574b4800 nmethod 23260 0x0000000002a06a50 code [0x0000000002a06ba0, 0x0000000002a06c38]
Event: 4035.380 Thread 0x00000000574b4800 23257       4       com.android.ide.common.res2.ResourceItem::getKey (177 bytes)
Event: 4035.384 Thread 0x00000000574b4800 nmethod 23257 0x00000000034030d0 code [0x0000000003403260, 0x0000000003403838]
Event: 4035.384 Thread 0x00000000574b4800 23281       4       com.google.common.collect.ArrayListMultimap::put (7 bytes)
Event: 4035.384 Thread 0x00000000574b4800 nmethod 23281 0x00000000033bac90 code [0x00000000033bade0, 0x00000000033bae48]
Event: 4035.384 Thread 0x00000000574b4800 23282       4       com.android.ide.common.res2.ValueResourceParser2::getResource (63 bytes)
Event: 4035.434 Thread 0x00000000574b4800 nmethod 23282 0x0000000005961bd0 code [0x0000000005961ec0, 0x0000000005964210]
Event: 4035.434 Thread 0x00000000574b4800 23280       4       com.android.ide.common.res2.ValueResourceParser2::checkDuplicate (121 bytes)
Event: 4035.485 Thread 0x00000000574b4800 nmethod 23280 0x0000000004858e90 code [0x0000000004859180, 0x000000000485b420]

GC Heap History (10 events):
Event: 3553.724 GC heap before
{Heap before GC invocations=41 (full 5):
 PSYoungGen      total 371200K, used 235648K [0x00000000e0000000, 0x0000000100000000, 0x0000000100000000)
  eden space 235520K, 100% used [0x00000000e0000000,0x00000000ee600000,0x00000000ee600000)
  from space 135680K, 0% used [0x00000000ee600000,0x00000000ee620000,0x00000000f6a80000)
  to   space 139776K, 0% used [0x00000000f7780000,0x00000000f7780000,0x0000000100000000)
 ParOldGen       total 241664K, used 65525K [0x00000000a0000000, 0x00000000aec00000, 0x00000000e0000000)
  object space 241664K, 27% used [0x00000000a0000000,0x00000000a3ffd718,0x00000000aec00000)
 Metaspace       used 73070K, capacity 77170K, committed 77912K, reserved 1118208K
  class space    used 9189K, capacity 9798K, committed 10072K, reserved 1048576K
Event: 3553.730 GC heap after
Heap after GC invocations=41 (full 5):
 PSYoungGen      total 382464K, used 4687K [0x00000000e0000000, 0x0000000100000000, 0x0000000100000000)
  eden space 242688K, 0% used [0x00000000e0000000,0x00000000e0000000,0x00000000eed00000)
  from space 139776K, 3% used [0x00000000f7780000,0x00000000f7c13d98,0x0000000100000000)
  to   space 140800K, 0% used [0x00000000eed00000,0x00000000eed00000,0x00000000f7680000)
 ParOldGen       total 241664K, used 65533K [0x00000000a0000000, 0x00000000aec00000, 0x00000000e0000000)
  object space 241664K, 27% used [0x00000000a0000000,0x00000000a3fff718,0x00000000aec00000)
 Metaspace       used 73070K, capacity 77170K, committed 77912K, reserved 1118208K
  class space    used 9189K, capacity 9798K, committed 10072K, reserved 1048576K
}
Event: 3647.340 GC heap before
{Heap before GC invocations=42 (full 5):
 PSYoungGen      total 382464K, used 247375K [0x00000000e0000000, 0x0000000100000000, 0x0000000100000000)
  eden space 242688K, 100% used [0x00000000e0000000,0x00000000eed00000,0x00000000eed00000)
  from space 139776K, 3% used [0x00000000f7780000,0x00000000f7c13d98,0x0000000100000000)
  to   space 140800K, 0% used [0x00000000eed00000,0x00000000eed00000,0x00000000f7680000)
 ParOldGen       total 241664K, used 65533K [0x00000000a0000000, 0x00000000aec00000, 0x00000000e0000000)
  object space 241664K, 27% used [0x00000000a0000000,0x00000000a3fff718,0x00000000aec00000)
 Metaspace       used 74018K, capacity 79434K, committed 79576K, reserved 1118208K
  class space    used 9387K, capacity 10136K, committed 10200K, reserved 1048576K
Event: 3647.348 GC heap after
Heap after GC invocations=42 (full 5):
 PSYoungGen      total 252416K, used 9560K [0x00000000e0000000, 0x00000000ffe00000, 0x0000000100000000)
  eden space 242688K, 0% used [0x00000000e0000000,0x00000000e0000000,0x00000000eed00000)
  from space 9728K, 98% used [0x00000000eed00000,0x00000000ef656270,0x00000000ef680000)
  to   space 139264K, 0% used [0x00000000f7600000,0x00000000f7600000,0x00000000ffe00000)
 ParOldGen       total 241664K, used 65541K [0x00000000a0000000, 0x00000000aec00000, 0x00000000e0000000)
  object space 241664K, 27% used [0x00000000a0000000,0x00000000a4001718,0x00000000aec00000)
 Metaspace       used 74018K, capacity 79434K, committed 79576K, reserved 1118208K
  class space    used 9387K, capacity 10136K, committed 10200K, reserved 1048576K
}
Event: 3648.305 GC heap before
{Heap before GC invocations=43 (full 5):
 PSYoungGen      total 252416K, used 252248K [0x00000000e0000000, 0x00000000ffe00000, 0x0000000100000000)
  eden space 242688K, 100% used [0x00000000e0000000,0x00000000eed00000,0x00000000eed00000)
  from space 9728K, 98% used [0x00000000eed00000,0x00000000ef656270,0x00000000ef680000)
  to   space 139264K, 0% used [0x00000000f7600000,0x00000000f7600000,0x00000000ffe00000)
 ParOldGen       total 241664K, used 65541K [0x00000000a0000000, 0x00000000aec00000, 0x00000000e0000000)
  object space 241664K, 27% used [0x00000000a0000000,0x00000000a4001718,0x00000000aec00000)
 Metaspace       used 74132K, capacity 79478K, committed 79576K, reserved 1118208K
  class space    used 9401K, capacity 10172K, committed 10200K, reserved 1048576K
Event: 3648.345 GC heap after
Heap after GC invocations=43 (full 5):
 PSYoungGen      total 390656K, used 42578K [0x00000000e0000000, 0x0000000100000000, 0x0000000100000000)
  eden space 251392K, 0% used [0x00000000e0000000,0x00000000e0000000,0x00000000ef580000)
  from space 139264K, 30% used [0x00000000f7600000,0x00000000f9f94b98,0x00000000ffe00000)
  to   space 131584K, 0% used [0x00000000ef580000,0x00000000ef580000,0x00000000f7600000)
 ParOldGen       total 241664K, used 65549K [0x00000000a0000000, 0x00000000aec00000, 0x00000000e0000000)
  object space 241664K, 27% used [0x00000000a0000000,0x00000000a4003718,0x00000000aec00000)
 Metaspace       used 74132K, capacity 79478K, committed 79576K, reserved 1118208K
  class space    used 9401K, capacity 10172K, committed 10200K, reserved 1048576K
}
Event: 3648.605 GC heap before
{Heap before GC invocations=44 (full 5):
 PSYoungGen      total 390656K, used 293970K [0x00000000e0000000, 0x0000000100000000, 0x0000000100000000)
  eden space 251392K, 100% used [0x00000000e0000000,0x00000000ef580000,0x00000000ef580000)
  from space 139264K, 30% used [0x00000000f7600000,0x00000000f9f94b98,0x00000000ffe00000)
  to   space 131584K, 0% used [0x00000000ef580000,0x00000000ef580000,0x00000000f7600000)
 ParOldGen       total 241664K, used 65549K [0x00000000a0000000, 0x00000000aec00000, 0x00000000e0000000)
  object space 241664K, 27% used [0x00000000a0000000,0x00000000a4003718,0x00000000aec00000)
 Metaspace       used 74132K, capacity 79478K, committed 79576K, reserved 1118208K
  class space    used 9401K, capacity 10172K, committed 10200K, reserved 1048576K
Event: 3648.643 GC heap after
Heap after GC invocations=44 (full 5):
 PSYoungGen      total 382976K, used 67201K [0x00000000e0000000, 0x00000000ff580000, 0x0000000100000000)
  eden space 251392K, 0% used [0x00000000e0000000,0x00000000e0000000,0x00000000ef580000)
  from space 131584K, 51% used [0x00000000ef580000,0x00000000f37204b0,0x00000000f7600000)
  to   space 130048K, 0% used [0x00000000f7680000,0x00000000f7680000,0x00000000ff580000)
 ParOldGen       total 241664K, used 65549K [0x00000000a0000000, 0x00000000aec00000, 0x00000000e0000000)
  object space 241664K, 27% used [0x00000000a0000000,0x00000000a4003718,0x00000000aec00000)
 Metaspace       used 74132K, capacity 79478K, committed 79576K, reserved 1118208K
  class space    used 9401K, capacity 10172K, committed 10200K, reserved 1048576K
}
Event: 3762.580 GC heap before
{Heap before GC invocations=45 (full 5):
 PSYoungGen      total 382976K, used 318593K [0x00000000e0000000, 0x00000000ff580000, 0x0000000100000000)
  eden space 251392K, 100% used [0x00000000e0000000,0x00000000ef580000,0x00000000ef580000)
  from space 131584K, 51% used [0x00000000ef580000,0x00000000f37204b0,0x00000000f7600000)
  to   space 130048K, 0% used [0x00000000f7680000,0x00000000f7680000,0x00000000ff580000)
 ParOldGen       total 241664K, used 65549K [0x00000000a0000000, 0x00000000aec00000, 0x00000000e0000000)
  object space 241664K, 27% used [0x00000000a0000000,0x00000000a4003718,0x00000000aec00000)
 Metaspace       used 74218K, capacity 79634K, committed 79832K, reserved 1118208K
  class space    used 9409K, capacity 10180K, committed 10200K, reserved 1048576K
Event: 3762.587 GC heap after
Heap after GC invocations=45 (full 5):
 PSYoungGen      total 383488K, used 4888K [0x00000000e0000000, 0x00000000ffe80000, 0x0000000100000000)
  eden space 253440K, 0% used [0x00000000e0000000,0x00000000e0000000,0x00000000ef780000)
  from space 130048K, 3% used [0x00000000f7680000,0x00000000f7b460f8,0x00000000ff580000)
  to   space 130048K, 0% used [0x00000000ef780000,0x00000000ef780000,0x00000000f7680000)
 ParOldGen       total 241664K, used 65581K [0x00000000a0000000, 0x00000000aec00000, 0x00000000e0000000)
  object space 241664K, 27% used [0x00000000a0000000,0x00000000a400b718,0x00000000aec00000)
 Metaspace       used 74218K, capacity 79634K, committed 79832K, reserved 1118208K
  class space    used 9409K, capacity 10180K, committed 10200K, reserved 1048576K
}

Deoptimization events (10 events):
Event: 3647.579 Thread 0x000000005f0d7800 Uncommon trap: reason=bimorphic action=maybe_recompile pc=0x00000000053f6144 method=java.util.regex.Pattern$BnM.match(Ljava/util/regex/Matcher;ILjava/lang/CharSequence;)Z @ 111
Event: 3647.579 Thread 0x000000005f0d7800 Uncommon trap: reason=bimorphic action=maybe_recompile pc=0x00000000053f6144 method=java.util.regex.Pattern$BnM.match(Ljava/util/regex/Matcher;ILjava/lang/CharSequence;)Z @ 111
Event: 3647.874 Thread 0x000000005f0d7800 Uncommon trap: reason=unstable_if action=reinterpret pc=0x0000000003e8942c method=java.lang.ref.SoftReference.get()Ljava/lang/Object; @ 6
Event: 3648.056 Thread 0x000000005f0d9000 Uncommon trap: reason=array_check action=maybe_recompile pc=0x00000000053f9594 method=java.util.TimSort.binarySort([Ljava/lang/Object;IIILjava/util/Comparator;)V @ 183
Event: 3762.317 Thread 0x000000005f0d6000 Uncommon trap: reason=array_check action=maybe_recompile pc=0x0000000005f11b08 method=java.util.ComparableTimSort.reverseRange([Ljava/lang/Object;II)V @ 20
Event: 3762.500 Thread 0x000000005f0d6000 Uncommon trap: reason=class_check action=maybe_recompile pc=0x0000000003ce3ef8 method=org.gradle.api.internal.DefaultNamedDomainObjectCollection.findByNameWithoutRules(Ljava/lang/String;)Ljava/lang/Object; @ 5
Event: 3787.951 Thread 0x000000005f0d6000 Uncommon trap: reason=array_check action=maybe_recompile pc=0x0000000005f11b08 method=java.util.ComparableTimSort.reverseRange([Ljava/lang/Object;II)V @ 20
Event: 3788.162 Thread 0x000000005f0d6000 Uncommon trap: reason=class_check action=maybe_recompile pc=0x0000000003ce3ef8 method=org.gradle.api.internal.DefaultNamedDomainObjectCollection.findByNameWithoutRules(Ljava/lang/String;)Ljava/lang/Object; @ 5
Event: 4034.815 Thread 0x000000005f0d8800 Uncommon trap: reason=array_check action=maybe_recompile pc=0x0000000005f11b08 method=java.util.ComparableTimSort.reverseRange([Ljava/lang/Object;II)V @ 20
Event: 4035.271 Thread 0x000000005f0d8800 Uncommon trap: reason=unstable_if action=reinterpret pc=0x0000000003683dac method=sun.nio.cs.UTF_8$Decoder.xflow(Ljava/nio/Buffer;IILjava/nio/Buffer;II)Ljava/nio/charset/CoderResult; @ 18

Internal exceptions (10 events):
Event: 3787.951 Thread 0x000000005f0d6000 Exception <a 'java/lang/ClassNotFoundException': asLocalRepo212_gljq2gwqmtte0e9hpc0hd48aBeanInfo> (0x00000000e2ad3650) thrown at [C:\re\workspace\8-2-build-windows-amd64-cygwin\jdk8u121\8372\hotspot\src\share\vm\classfile\systemDictionary.cpp, line 210]
Event: 3787.951 Thread 0x000000005f0d6000 Exception <a 'java/lang/ClassNotFoundException': asLocalRepo212_gljq2gwqmtte0e9hpc0hd48aCustomizer> (0x00000000e2ade5d8) thrown at [C:\re\workspace\8-2-build-windows-amd64-cygwin\jdk8u121\8372\hotspot\src\share\vm\classfile\systemDictionary.cpp, line 210]
Event: 3788.154 Thread 0x000000005f0d6000 Exception <a 'sun/nio/fs/WindowsException'> (0x00000000e4feaa30) thrown at [C:\re\workspace\8-2-build-windows-amd64-cygwin\jdk8u121\8372\hotspot\src\share\vm\prims\jni.cpp, line 709]
Event: 3788.679 Thread 0x000000005f0d6000 Exception <a 'sun/nio/fs/WindowsException'> (0x00000000e81c7420) thrown at [C:\re\workspace\8-2-build-windows-amd64-cygwin\jdk8u121\8372\hotspot\src\share\vm\prims\jni.cpp, line 709]
Event: 3835.942 Thread 0x000000005f0d4800 Exception <a 'sun/nio/fs/WindowsException'> (0x00000000e2770e98) thrown at [C:\re\workspace\8-2-build-windows-amd64-cygwin\jdk8u121\8372\hotspot\src\share\vm\prims\jni.cpp, line 709]
Event: 3846.215 Thread 0x000000005f0d4800 Exception <a 'sun/nio/fs/WindowsException'> (0x00000000e2772338) thrown at [C:\re\workspace\8-2-build-windows-amd64-cygwin\jdk8u121\8372\hotspot\src\share\vm\prims\jni.cpp, line 709]
Event: 4027.458 Thread 0x000000005f0d4800 Exception <a 'sun/nio/fs/WindowsException'> (0x00000000e27739b8) thrown at [C:\re\workspace\8-2-build-windows-amd64-cygwin\jdk8u121\8372\hotspot\src\share\vm\prims\jni.cpp, line 709]
Event: 4034.816 Thread 0x000000005f0d8800 Exception <a 'java/lang/ClassNotFoundException': asLocalRepo151_c373h4usfpm125qbrc2iyiji4BeanInfo> (0x00000000e8889890) thrown at [C:\re\workspace\8-2-build-windows-amd64-cygwin\jdk8u121\8372\hotspot\src\share\vm\classfile\systemDictionary.cpp, line 210]
Event: 4034.816 Thread 0x000000005f0d8800 Exception <a 'java/lang/ClassNotFoundException': asLocalRepo151_c373h4usfpm125qbrc2iyiji4Customizer> (0x00000000e8894848) thrown at [C:\re\workspace\8-2-build-windows-amd64-cygwin\jdk8u121\8372\hotspot\src\share\vm\classfile\systemDictionary.cpp, line 210
Event: 4035.004 Thread 0x000000005f0d8800 Exception <a 'sun/nio/fs/WindowsException'> (0x00000000eada7c40) thrown at [C:\re\workspace\8-2-build-windows-amd64-cygwin\jdk8u121\8372\hotspot\src\share\vm\prims\jni.cpp, line 709]

Events (10 events):
Event: 4035.136 Thread 0x00000000574b5800 flushing nmethod 0x000000000546c590
Event: 4035.148 Thread 0x00000000598ef000 Thread added: 0x00000000598ef000
Event: 4035.149 Thread 0x00000000574b5800 flushing nmethod 0x00000000059612d0
Event: 4035.149 Thread 0x00000000574b5800 flushing nmethod 0x0000000005bfd650
Event: 4035.150 Thread 0x00000000574b5800 flushing nmethod 0x0000000005c00550
Event: 4035.150 Thread 0x00000000574b5800 flushing nmethod 0x0000000005c47510
Event: 4035.150 Thread 0x00000000574b5800 flushing nmethod 0x0000000005c4c950
Event: 4035.271 Thread 0x000000005f0d8800 Uncommon trap: trap_request=0xffffff65 fr.pc=0x0000000003683dac
Event: 4035.271 Thread 0x000000005f0d8800 DEOPT PACKING pc=0x0000000003683dac sp=0x000000005b9ab8e0
Event: 4035.271 Thread 0x000000005f0d8800 DEOPT UNPACKING pc=0x000000000240582a sp=0x000000005b9ab7b0 mode 2


Dynamic libraries:
0x000000013fcd0000 - 0x000000013fd07000 	C:\Program Files\Java\jdk1.8.0_121\bin\java.exe
0x00000000778c0000 - 0x0000000077a6a000 	C:\windows\SYSTEM32\ntdll.dll
0x00000000777a0000 - 0x00000000778bf000 	C:\windows\system32\kernel32.dll
0x000007fefd880000 - 0x000007fefd8ea000 	C:\windows\system32\KERNELBASE.dll
0x000007fefde40000 - 0x000007fefdf1b000 	C:\windows\system32\ADVAPI32.dll
0x000007feffa00000 - 0x000007feffa9f000 	C:\windows\system32\msvcrt.dll
0x000007feff110000 - 0x000007feff12f000 	C:\windows\SYSTEM32\sechost.dll
0x000007fefee00000 - 0x000007fefef2d000 	C:\windows\system32\RPCRT4.dll
0x00000000776a0000 - 0x000000007779a000 	C:\windows\system32\USER32.dll
0x000007fefdc80000 - 0x000007fefdce7000 	C:\windows\system32\GDI32.dll
0x000007feff130000 - 0x000007feff13e000 	C:\windows\system32\LPK.dll
0x000007fefecb0000 - 0x000007fefed7b000 	C:\windows\system32\USP10.dll
0x000007fefc240000 - 0x000007fefc434000 	C:\windows\WinSxS\amd64_microsoft.windows.common-controls_6595b64144ccf1df_6.0.7601.18837_none_fa3b1e3d17594757\COMCTL32.dll
0x000007feff5a0000 - 0x000007feff611000 	C:\windows\system32\SHLWAPI.dll
0x000007feff8d0000 - 0x000007feff8fe000 	C:\windows\system32\IMM32.DLL
0x000007feff7b0000 - 0x000007feff8b9000 	C:\windows\system32\MSCTF.dll
0x0000000070870000 - 0x0000000070942000 	C:\Program Files\Java\jdk1.8.0_121\jre\bin\msvcr100.dll
0x000000006fe50000 - 0x00000000706eb000 	C:\Program Files\Java\jdk1.8.0_121\jre\bin\server\jvm.dll
0x000007fefb5f0000 - 0x000007fefb5f9000 	C:\windows\system32\WSOCK32.dll
0x000007fefddf0000 - 0x000007fefde3d000 	C:\windows\system32\WS2_32.dll
0x000007feff8c0000 - 0x000007feff8c8000 	C:\windows\system32\NSI.dll
0x000007fefaeb0000 - 0x000007fefaeeb000 	C:\windows\system32\WINMM.dll
0x000007fefc8d0000 - 0x000007fefc8dc000 	C:\windows\system32\VERSION.dll
0x0000000077a90000 - 0x0000000077a97000 	C:\windows\system32\PSAPI.DLL
0x0000000072ee0000 - 0x0000000072eef000 	C:\Program Files\Java\jdk1.8.0_121\jre\bin\verify.dll
0x0000000072eb0000 - 0x0000000072ed9000 	C:\Program Files\Java\jdk1.8.0_121\jre\bin\java.dll
0x0000000072e90000 - 0x0000000072ea6000 	C:\Program Files\Java\jdk1.8.0_121\jre\bin\zip.dll
0x000007fefdf20000 - 0x000007fefecab000 	C:\windows\system32\SHELL32.dll
0x000007feff3a0000 - 0x000007feff59c000 	C:\windows\system32\ole32.dll
0x000007fefd7d0000 - 0x000007fefd7df000 	C:\windows\system32\profapi.dll
0x0000000072dc0000 - 0x0000000072dda000 	C:\Program Files\Java\jdk1.8.0_121\jre\bin\net.dll
0x000007fefcfc0000 - 0x000007fefd015000 	C:\windows\system32\mswsock.dll
0x000007fefcfb0000 - 0x000007fefcfb7000 	C:\windows\System32\wship6.dll
0x0000000072da0000 - 0x0000000072db1000 	C:\Program Files\Java\jdk1.8.0_121\jre\bin\nio.dll
0x000007fef3570000 - 0x000007fef358e000 	C:\Users\admin\.gradle\native\23\windows-amd64\native-platform.dll
0x000007fefd020000 - 0x000007fefd038000 	C:\windows\system32\CRYPTSP.dll
0x000007fefcd20000 - 0x000007fefcd67000 	C:\windows\system32\rsaenh.dll
0x000007fefcae0000 - 0x000007fefcafe000 	C:\windows\system32\USERENV.dll
0x000007fefd700000 - 0x000007fefd70f000 	C:\windows\system32\CRYPTBASE.dll
0x000007fefb320000 - 0x000007fefb347000 	C:\windows\system32\IPHLPAPI.DLL
0x000007fefb310000 - 0x000007fefb31b000 	C:\windows\system32\WINNSI.DLL
0x000007fefa5a0000 - 0x000007fefa5b1000 	C:\windows\system32\dhcpcsvc6.DLL
0x000007fefa580000 - 0x000007fefa598000 	C:\windows\system32\dhcpcsvc.DLL
0x00000000710d0000 - 0x00000000710dd000 	C:\Program Files\Java\jdk1.8.0_121\jre\bin\management.dll
0x000007fefd6a0000 - 0x000007fefd6f7000 	C:\windows\system32\apphelp.dll
0x0000000074290000 - 0x00000000742b4000 	C:\Program Files\Java\jdk1.8.0_121\jre\bin\sunec.dll
0x0000000074280000 - 0x000000007428b000 	C:\Program Files\Java\jdk1.8.0_121\jre\bin\sunmscapi.dll
0x000007fefd930000 - 0x000007fefda9d000 	C:\windows\system32\CRYPT32.dll
0x000007fefd870000 - 0x000007fefd87f000 	C:\windows\system32\MSASN1.dll

VM Arguments:
jvm_args: -Xmx1536m -Dfile.encoding=GBK -Duser.country=CN -Duser.language=zh -Duser.variant 
java_command: org.gradle.launcher.daemon.bootstrap.GradleDaemon 3.3
java_class_path (initial): C:\Users\admin\.gradle\wrapper\dists\gradle-3.3-all\55gk2rcmfc6p2dg9u9ohc3hw9\gradle-3.3\lib\gradle-launcher-3.3.jar
Launcher Type: SUN_STANDARD

Environment Variables:
JAVA_HOME=C:\Program Files\Java\jdk1.7.0_17
CLASSPATH=.;C:\Program Files\Java\jdk1.7.0_17\lib;
PATH=C:\Program Files (x86)\Common Files\NetSarang;C:\Program Files\Java\jdk1.7.0_17\bin;C:\Program Files\Java\jdk1.7.0_17\jre\bin;C:\windows\system32\;C:\Program Files (x86)\Common Files\microsoft shared\TigerKin;D:\Program Files (x86)\MySQL\MySQL Server 5.5\bin;D:\Program Files\adt-bundle-windows-x86-20131030\sdk\platform-tools;C:\windows;C:\windows\system32\wbem;D:\Program Files\MySQL\MySQL Server 5.5\bin;D:\Program Files (x86)\MySQL\MySQL Server 5.1\bin;C:\strawberry\c\bin;C:\strawberry\perl\bin;C:\Program Files (x86)\GtkSharp\2.12\bin;C:\Program Files (x86)\Microsoft SQL Server\80\Tools\Binn\;C:\Program Files\Git\cmd;C:\Program Files\Java\jdk1.7.0_17\bin;C:\Users\admin\AppData\Local\Android\sdk\platform-tools;C:\Users\admin\AppData\Local\Android\sdk\tools;C:\Program Files\TortoiseSVN\bin;
USERNAME=admin
OS=Windows_NT
PROCESSOR_IDENTIFIER=Intel64 Family 6 Model 94 Stepping 3, GenuineIntel



---------------  S Y S T E M  ---------------

OS: Windows 7 , 64 bit Build 7601 (6.1.7601.23807)

CPU:total 4 (4 cores per cpu, 1 threads per core) family 6 model 94 stepping 3, cmov, cx8, fxsr, mmx, sse, sse2, sse3, ssse3, sse4.1, sse4.2, popcnt, avx, avx2, aes, clmul, erms, rtm, 3dnowpref, lzcnt, tsc, tscinvbit, bmi1, bmi2, adx

Memory: 4k page, physical 8340100k(55568k free), swap 10435392k(5124k free)

vm_info: Java HotSpot(TM) 64-Bit Server VM (25.121-b13) for windows-amd64 JRE (1.8.0_121-b13), built on Dec 12 2016 18:21:36 by "java_re" with MS VC++ 10.0 (VS2010)

time: Wed Jul 05 17:35:55 2017
elapsed time: 4035 seconds (0d 1h 7m 15s)

