#
# There is insufficient memory for the Java Runtime Environment to continue.
# Native memory allocation (malloc) failed to allocate 1056896 bytes for Chunk::new
# Possible reasons:
#   The system is out of physical RAM or swap space
#   In 32 bit mode, the process size limit was hit
# Possible solutions:
#   Reduce memory load on the system
#   Increase physical memory or swap space
#   Check if swap backing store is full
#   Use 64 bit Java on a 64 bit OS
#   Decrease Java heap size (-Xmx/-Xms)
#   Decrease number of Java threads
#   Decrease Java thread stack sizes (-Xss)
#   Set larger code cache with -XX:ReservedCodeCacheSize=
# This output file may be truncated or incomplete.
#
#  Out of Memory Error (allocation.cpp:390), pid=11092, tid=0x0000000000004b58
#
# JRE version: Java(TM) SE Runtime Environment (8.0_121-b13) (build 1.8.0_121-b13)
# Java VM: Java HotSpot(TM) 64-Bit Server VM (25.121-b13 mixed mode windows-amd64 compressed oops)
# Failed to write core dump. Minidumps are not enabled by default on client versions of Windows
#

---------------  T H R E A D  ---------------

Current thread (0x0000000057480800):  JavaThread "C2 CompilerThread0" daemon [_thread_in_native, id=19288, stack(0x0000000057ab0000,0x0000000057bb0000)]

Stack: [0x0000000057ab0000,0x0000000057bb0000]
[error occurred during error reporting (printing stack bounds), id 0xc0000005]

Native frames: (J=compiled Java code, j=interpreted, Vv=VM code, C=native code)


Current CompileTask:
C2:1176137 13468       4       com.android.dx.dex.code.OutputFinisher::addConstants (93 bytes)


---------------  P R O C E S S  ---------------

Java Threads: ( => current thread )
  0x000000005c270800 JavaThread "pool-13-thread-1" [_thread_in_Java, id=17372, stack(0x00000000640b0000,0x00000000641b0000)]
  0x0000000058cee000 JavaThread "pool-41-thread-1" [_thread_blocked, id=6576, stack(0x0000000064d40000,0x0000000064e40000)]
  0x000000005c3ad000 JavaThread "pool-35-thread-1" [_thread_new, id=16764, stack(0x0000000000000000,0x0000000000000000)]
  0x000000005c3ac800 JavaThread "pool-25-thread-1" [_thread_blocked, id=3888, stack(0x0000000063a00000,0x0000000063b00000)]
  0x000000005c3ae800 JavaThread "pool-32-thread-4" [_thread_blocked, id=14476, stack(0x00000000642a0000,0x00000000643a0000)]
  0x0000000058cef800 JavaThread "pool-32-thread-3" [_thread_blocked, id=16268, stack(0x0000000065230000,0x0000000065330000)]
  0x0000000058ce9000 JavaThread "pool-32-thread-2" [_thread_blocked, id=15764, stack(0x0000000064ed0000,0x0000000064fd0000)]
  0x0000000058ce9800 JavaThread "pool-33-thread-1" [_thread_blocked, id=17460, stack(0x0000000064b70000,0x0000000064c70000)]
  0x0000000058cea800 JavaThread "pool-32-thread-1" [_thread_in_Java, id=13628, stack(0x00000000645d0000,0x00000000646d0000)]
  0x0000000058ced800 JavaThread "pool-29-thread-4" [_thread_blocked, id=14168, stack(0x0000000064900000,0x0000000064a00000)]
  0x0000000058ceb000 JavaThread "pool-29-thread-3" [_thread_in_Java, id=16560, stack(0x0000000064760000,0x0000000064860000)]
  0x000000005c26e000 JavaThread "pool-29-thread-2" [_thread_blocked, id=3188, stack(0x0000000064460000,0x0000000064560000)]
  0x000000005c26f000 JavaThread "pool-30-thread-1" [_thread_blocked, id=5260, stack(0x0000000063240000,0x0000000063340000)]
  0x000000005c26d800 JavaThread "pool-29-thread-1" [_thread_blocked, id=3532, stack(0x0000000063bf0000,0x0000000063cf0000)]
  0x000000005c3ab800 JavaThread "pool-27-thread-1" [_thread_blocked, id=5608, stack(0x0000000063d40000,0x0000000063e40000)]
  0x000000005c26c000 JavaThread "pool-6-thread-4" [_thread_blocked, id=12260, stack(0x00000000638a0000,0x00000000639a0000)]
  0x0000000059332800 JavaThread "pool-6-thread-3" [_thread_blocked, id=16144, stack(0x0000000063760000,0x0000000063860000)]
  0x000000005c26b000 JavaThread "pool-6-thread-2" [_thread_blocked, id=6340, stack(0x0000000063640000,0x0000000063740000)]
  0x000000005933e800 JavaThread "pool-6-thread-1" [_thread_in_native, id=15456, stack(0x00000000630f0000,0x00000000631f0000)]
  0x000000005933f000 JavaThread "pool-3-thread-4" [_thread_blocked, id=11396, stack(0x0000000062ff0000,0x00000000630f0000)]
  0x000000005933d800 JavaThread "pool-3-thread-3" [_thread_blocked, id=19268, stack(0x0000000058a40000,0x0000000058b40000)]
  0x000000005933d000 JavaThread "pool-3-thread-2" [_thread_blocked, id=4492, stack(0x000000005fca0000,0x000000005fda0000)]
  0x000000005933c000 JavaThread "pool-3-thread-1" [_thread_in_native, id=10412, stack(0x0000000062ce0000,0x0000000062de0000)]
  0x000000005933a800 JavaThread "Cache update executor" [_thread_blocked, id=4496, stack(0x0000000062af0000,0x0000000062bf0000)]
  0x0000000059331800 JavaThread "Stdin handler" [_thread_blocked, id=1908, stack(0x000000005ba60000,0x000000005bb60000)]
  0x0000000059338800 JavaThread "Asynchronous log dispatcher for DefaultDaemonConnection: socket connection from /127.0.0.1:57570 to /127.0.0.1:64159" [_thread_blocked, id=3816, stack(0x000000005d4c0000,0x000000005d5c0000)]
  0x0000000059337800 JavaThread "Daemon worker Thread 2" [_thread_blocked, id=6804, stack(0x000000005b900000,0x000000005ba00000)]
  0x0000000059337000 JavaThread "Cancel handler" [_thread_blocked, id=15608, stack(0x000000005b700000,0x000000005b800000)]
  0x0000000059336000 JavaThread "Handler for socket connection from /127.0.0.1:57570 to /127.0.0.1:64159" [_thread_in_native, id=11808, stack(0x000000005b590000,0x000000005b690000)]
  0x0000000059335800 JavaThread "Daemon Thread 2" [_thread_blocked, id=18368, stack(0x000000005b470000,0x000000005b570000)]
  0x0000000059334000 JavaThread "pool-2-thread-1" [_thread_blocked, id=15676, stack(0x000000005d1c0000,0x000000005d2c0000)]
  0x0000000059330000 JavaThread "File lock request listener" [_thread_in_native, id=7232, stack(0x000000005be20000,0x000000005bf20000)]
  0x0000000059503000 JavaThread "Incoming local TCP Connector on port 57570" [_thread_in_native, id=5252, stack(0x000000005b050000,0x000000005b150000)]
  0x0000000058e59000 JavaThread "pool-1-thread-1" [_thread_blocked, id=9584, stack(0x000000005ab80000,0x000000005ac80000)]
  0x0000000057508000 JavaThread "Service Thread" daemon [_thread_blocked, id=5132, stack(0x0000000057fa0000,0x00000000580a0000)]
  0x0000000055f8e000 JavaThread "C1 CompilerThread2" daemon [_thread_blocked, id=17428, stack(0x0000000057dd0000,0x0000000057ed0000)]
  0x0000000055f8c800 JavaThread "C2 CompilerThread1" daemon [_thread_in_vm, id=17732, stack(0x0000000057c90000,0x0000000057d90000)]
=>0x0000000057480800 JavaThread "C2 CompilerThread0" daemon [_thread_in_native, id=19288, stack(0x0000000057ab0000,0x0000000057bb0000)]
  0x000000005746d000 JavaThread "Attach Listener" daemon [_thread_blocked, id=12632, stack(0x0000000057960000,0x0000000057a60000)]
  0x0000000055f89800 JavaThread "Signal Dispatcher" daemon [_thread_blocked, id=14824, stack(0x0000000056f10000,0x0000000057010000)]
  0x0000000055f6a800 JavaThread "Finalizer" daemon [_thread_blocked, id=14600, stack(0x0000000057360000,0x0000000057460000)]
  0x0000000055f23000 JavaThread "Reference Handler" daemon [_thread_blocked, id=11224, stack(0x00000000571e0000,0x00000000572e0000)]
  0x00000000020af000 JavaThread "main" [_thread_blocked, id=6232, stack(0x00000000022c0000,0x00000000023c0000)]

Other Threads:
  0x0000000055f1b800 VMThread [stack: 0x0000000057020000,0x0000000057120000] [id=18904]
  0x0000000057521800 WatcherThread [stack: 0x0000000058120000,0x0000000058220000] [id=8984]

VM state:not at safepoint (normal execution)

VM Mutex/Monitor currently owned by a thread:  ([mutex/lock_event])
[0x00000000020add60] CompiledIC_lock - owner thread: 0x0000000000000000

Heap:
 PSYoungGen      total 250880K, used 161071K [0x00000000e0000000, 0x00000000f4180000, 0x0000000100000000)
  eden space 225280K, 71% used [0x00000000e0000000,0x00000000e9d4bc98,0x00000000edc00000)
  from space 25600K, 0% used [0x00000000edc00000,0x00000000edc00000,0x00000000ef500000)
  to   space 27136K, 0% used [0x00000000f2700000,0x00000000f2700000,0x00000000f4180000)
 ParOldGen       total 189952K, used 125478K [0x00000000a0000000, 0x00000000ab980000, 0x00000000e0000000)
  object space 189952K, 66% used [0x00000000a0000000,0x00000000a7a89bc8,0x00000000ab980000)
 Metaspace       used 64525K, capacity 67381K, committed 67752K, reserved 1107968K
  class space    used 8631K, capacity 9232K, committed 9392K, reserved 1048576K

Card table byte_map: [0x0000000011780000,0x0000000011a90000] byte_map_base: 0x0000000011280000

Marking Bits: (ParMarkBitMap*) 0x000000007066b6d0
 Begin Bits: [0x0000000012290000, 0x0000000013a90000)
 End Bits:   [0x0000000013a90000, 0x0000000015290000)

Polling page: 0x0000000000210000

CodeCache: size=245760Kb used=37902Kb max_used=38074Kb free=207857Kb
 bounds [0x00000000023c0000, 0x0000000004920000, 0x00000000113c0000]
 total_blobs=11831 nmethods=11051 adapters=687
 compilation: disabled (not enough contiguous free space left)

Compilation events (10 events):
Event: 1175.978 Thread 0x0000000055f8e000 13530       2       com.android.dx.rop.code.RegisterSpecList$Expander::expandRegister (85 bytes)
Event: 1175.979 Thread 0x0000000055f8e000 nmethod 13530 0x000000000490bb10 code [0x000000000490bd00, 0x000000000490c2c8]
Event: 1175.984 Thread 0x0000000055f8e000 13531       2       com.android.dx.dex.code.form.Form10x::isCompatible (23 bytes)
Event: 1175.984 Thread 0x0000000055f8e000 nmethod 13531 0x000000000490ca50 code [0x000000000490cba0, 0x000000000490cd70]
Event: 1176.002 Thread 0x0000000055f8e000 13534 %     3       com.android.dx.dex.code.RopTranslator$TranslationVisitor::visitSwitchInsn @ 82 (237 bytes)
Event: 1176.003 Thread 0x0000000055f8e000 nmethod 13534% 0x000000000490ce90 code [0x000000000490d220, 0x000000000490f858]
Event: 1176.004 Thread 0x0000000055f8e000 13535       2       com.android.dx.cf.direct.DirectClassFile::getThisClass (9 bytes)
Event: 1176.004 Thread 0x0000000055f8e000 nmethod 13535 0x00000000049126d0 code [0x0000000004912840, 0x00000000049129c8]
Event: 1176.005 Thread 0x0000000055f8e000 13536 %     3       com.android.dx.cf.code.BaseMachine::popArgs @ 21 (127 bytes)
Event: 1176.006 Thread 0x0000000055f8e000 nmethod 13536% 0x0000000004918250 code [0x0000000004918560, 0x0000000004919f08]

GC Heap History (10 events):
Event: 1173.265 GC heap before
{Heap before GC invocations=19 (full 3):
 PSYoungGen      total 250880K, used 250851K [0x00000000e0000000, 0x00000000f4180000, 0x0000000100000000)
  eden space 225280K, 100% used [0x00000000e0000000,0x00000000edc00000,0x00000000edc00000)
  from space 25600K, 99% used [0x00000000edc00000,0x00000000ef4f8c80,0x00000000ef500000)
  to   space 27136K, 0% used [0x00000000f2700000,0x00000000f2700000,0x00000000f4180000)
 ParOldGen       total 164352K, used 121324K [0x00000000a0000000, 0x00000000aa080000, 0x00000000e0000000)
  object space 164352K, 73% used [0x00000000a0000000,0x00000000a767b2d0,0x00000000aa080000)
 Metaspace       used 64320K, capacity 67239K, committed 67496K, reserved 1107968K
  class space    used 8640K, capacity 9268K, committed 9392K, reserved 1048576K
Event: 1173.339 GC heap after
Heap after GC invocations=19 (full 3):
 PSYoungGen      total 252416K, used 27129K [0x00000000e0000000, 0x00000000f4180000, 0x0000000100000000)
  eden space 225280K, 0% used [0x00000000e0000000,0x00000000e0000000,0x00000000edc00000)
  from space 27136K, 99% used [0x00000000f2700000,0x00000000f417e670,0x00000000f4180000)
  to   space 25600K, 0% used [0x00000000edc00000,0x00000000edc00000,0x00000000ef500000)
 ParOldGen       total 189952K, used 189005K [0x00000000a0000000, 0x00000000ab980000, 0x00000000e0000000)
  object space 189952K, 99% used [0x00000000a0000000,0x00000000ab8936a8,0x00000000ab980000)
 Metaspace       used 64320K, capacity 67239K, committed 67496K, reserved 1107968K
  class space    used 8640K, capacity 9268K, committed 9392K, reserved 1048576K
}
Event: 1173.339 GC heap before
{Heap before GC invocations=20 (full 4):
 PSYoungGen      total 252416K, used 27129K [0x00000000e0000000, 0x00000000f4180000, 0x0000000100000000)
  eden space 225280K, 0% used [0x00000000e0000000,0x00000000e0000000,0x00000000edc00000)
  from space 27136K, 99% used [0x00000000f2700000,0x00000000f417e670,0x00000000f4180000)
  to   space 25600K, 0% used [0x00000000edc00000,0x00000000edc00000,0x00000000ef500000)
 ParOldGen       total 189952K, used 189005K [0x00000000a0000000, 0x00000000ab980000, 0x00000000e0000000)
  object space 189952K, 99% used [0x00000000a0000000,0x00000000ab8936a8,0x00000000ab980000)
 Metaspace       used 64320K, capacity 67239K, committed 67496K, reserved 1107968K
  class space    used 8640K, capacity 9268K, committed 9392K, reserved 1048576K
Event: 1173.720 GC heap after
Heap after GC invocations=20 (full 4):
 PSYoungGen      total 252416K, used 0K [0x00000000e0000000, 0x00000000f4180000, 0x0000000100000000)
  eden space 225280K, 0% used [0x00000000e0000000,0x00000000e0000000,0x00000000edc00000)
  from space 27136K, 0% used [0x00000000f2700000,0x00000000f2700000,0x00000000f4180000)
  to   space 25600K, 0% used [0x00000000edc00000,0x00000000edc00000,0x00000000ef500000)
 ParOldGen       total 189952K, used 141158K [0x00000000a0000000, 0x00000000ab980000, 0x00000000e0000000)
  object space 189952K, 74% used [0x00000000a0000000,0x00000000a89d98b0,0x00000000ab980000)
 Metaspace       used 64103K, capacity 66933K, committed 67496K, reserved 1107968K
  class space    used 8624K, capacity 9232K, committed 9392K, reserved 1048576K
}
Event: 1174.700 GC heap before
{Heap before GC invocations=21 (full 5):
 PSYoungGen      total 252416K, used 225280K [0x00000000e0000000, 0x00000000f4180000, 0x0000000100000000)
  eden space 225280K, 100% used [0x00000000e0000000,0x00000000edc00000,0x00000000edc00000)
  from space 27136K, 0% used [0x00000000f2700000,0x00000000f2700000,0x00000000f4180000)
  to   space 25600K, 0% used [0x00000000edc00000,0x00000000edc00000,0x00000000ef500000)
 ParOldGen       total 189952K, used 141158K [0x00000000a0000000, 0x00000000ab980000, 0x00000000e0000000)
  object space 189952K, 74% used [0x00000000a0000000,0x00000000a89d98b0,0x00000000ab980000)
 Metaspace       used 64341K, capacity 67189K, committed 67496K, reserved 1107968K
  class space    used 8627K, capacity 9232K, committed 9392K, reserved 1048576K
Event: 1174.950 GC heap after
Heap after GC invocations=21 (full 5):
 PSYoungGen      total 252416K, used 0K [0x00000000e0000000, 0x00000000f4180000, 0x0000000100000000)
  eden space 225280K, 0% used [0x00000000e0000000,0x00000000e0000000,0x00000000edc00000)
  from space 27136K, 0% used [0x00000000f2700000,0x00000000f2700000,0x00000000f4180000)
  to   space 25600K, 0% used [0x00000000edc00000,0x00000000edc00000,0x00000000ef500000)
 ParOldGen       total 189952K, used 131116K [0x00000000a0000000, 0x00000000ab980000, 0x00000000e0000000)
  object space 189952K, 69% used [0x00000000a0000000,0x00000000a800b3b0,0x00000000ab980000)
 Metaspace       used 64341K, capacity 67189K, committed 67496K, reserved 1107968K
  class space    used 8627K, capacity 9232K, committed 9392K, reserved 1048576K
}
Event: 1175.376 GC heap before
{Heap before GC invocations=22 (full 5):
 PSYoungGen      total 252416K, used 225280K [0x00000000e0000000, 0x00000000f4180000, 0x0000000100000000)
  eden space 225280K, 100% used [0x00000000e0000000,0x00000000edc00000,0x00000000edc00000)
  from space 27136K, 0% used [0x00000000f2700000,0x00000000f2700000,0x00000000f4180000)
  to   space 25600K, 0% used [0x00000000edc00000,0x00000000edc00000,0x00000000ef500000)
 ParOldGen       total 189952K, used 131116K [0x00000000a0000000, 0x00000000ab980000, 0x00000000e0000000)
  object space 189952K, 69% used [0x00000000a0000000,0x00000000a800b3b0,0x00000000ab980000)
 Metaspace       used 64402K, capacity 67189K, committed 67496K, reserved 1107968K
  class space    used 8628K, capacity 9232K, committed 9392K, reserved 1048576K
Event: 1175.411 GC heap after
Heap after GC invocations=22 (full 5):
 PSYoungGen      total 250880K, used 25570K [0x00000000e0000000, 0x00000000f4180000, 0x0000000100000000)
  eden space 225280K, 0% used [0x00000000e0000000,0x00000000e0000000,0x00000000edc00000)
  from space 25600K, 99% used [0x00000000edc00000,0x00000000ef4f88e0,0x00000000ef500000)
  to   space 27136K, 0% used [0x00000000f2700000,0x00000000f2700000,0x00000000f4180000)
 ParOldGen       total 189952K, used 146296K [0x00000000a0000000, 0x00000000ab980000, 0x00000000e0000000)
  object space 189952K, 77% used [0x00000000a0000000,0x00000000a8ede160,0x00000000ab980000)
 Metaspace       used 64402K, capacity 67189K, committed 67496K, reserved 1107968K
  class space    used 8628K, capacity 9232K, committed 9392K, reserved 1048576K
}
Event: 1175.411 GC heap before
{Heap before GC invocations=23 (full 6):
 PSYoungGen      total 250880K, used 25570K [0x00000000e0000000, 0x00000000f4180000, 0x0000000100000000)
  eden space 225280K, 0% used [0x00000000e0000000,0x00000000e0000000,0x00000000edc00000)
  from space 25600K, 99% used [0x00000000edc00000,0x00000000ef4f88e0,0x00000000ef500000)
  to   space 27136K, 0% used [0x00000000f2700000,0x00000000f2700000,0x00000000f4180000)
 ParOldGen       total 189952K, used 146296K [0x00000000a0000000, 0x00000000ab980000, 0x00000000e0000000)
  object space 189952K, 77% used [0x00000000a0000000,0x00000000a8ede160,0x00000000ab980000)
 Metaspace       used 64402K, capacity 67189K, committed 67496K, reserved 1107968K
  class space    used 8628K, capacity 9232K, committed 9392K, reserved 1048576K
Event: 1175.592 GC heap after
Heap after GC invocations=23 (full 6):
 PSYoungGen      total 250880K, used 0K [0x00000000e0000000, 0x00000000f4180000, 0x0000000100000000)
  eden space 225280K, 0% used [0x00000000e0000000,0x00000000e0000000,0x00000000edc00000)
  from space 25600K, 0% used [0x00000000edc00000,0x00000000edc00000,0x00000000ef500000)
  to   space 27136K, 0% used [0x00000000f2700000,0x00000000f2700000,0x00000000f4180000)
 ParOldGen       total 189952K, used 125478K [0x00000000a0000000, 0x00000000ab980000, 0x00000000e0000000)
  object space 189952K, 66% used [0x00000000a0000000,0x00000000a7a89bc8,0x00000000ab980000)
 Metaspace       used 64402K, capacity 67189K, committed 67496K, reserved 1107968K
  class space    used 8628K, capacity 9232K, committed 9392K, reserved 1048576K
}

Deoptimization events (10 events):
Event: 1175.635 Thread 0x000000005c26e000 Uncommon trap: reason=bimorphic action=maybe_recompile pc=0x0000000004812354 method=com.android.dx.ssa.SCCP.simulatePhi(Lcom/android/dx/ssa/PhiInsn;)V @ 124
Event: 1175.635 Thread 0x000000005c26e000 Uncommon trap: reason=bimorphic action=maybe_recompile pc=0x0000000004812354 method=com.android.dx.ssa.SCCP.simulatePhi(Lcom/android/dx/ssa/PhiInsn;)V @ 124
Event: 1175.635 Thread 0x000000005c26e000 Uncommon trap: reason=bimorphic action=maybe_recompile pc=0x0000000004812354 method=com.android.dx.ssa.SCCP.simulatePhi(Lcom/android/dx/ssa/PhiInsn;)V @ 124
Event: 1175.635 Thread 0x000000005c26e000 Uncommon trap: reason=bimorphic action=maybe_recompile pc=0x0000000004812354 method=com.android.dx.ssa.SCCP.simulatePhi(Lcom/android/dx/ssa/PhiInsn;)V @ 124
Event: 1175.658 Thread 0x000000005c26e000 Uncommon trap: reason=unstable_if action=reinterpret pc=0x000000000475f128 method=com.android.dx.cf.code.LocalVariableList$Item.matchesPcAndIndex(II)Z @ 13
Event: 1175.661 Thread 0x000000005c26e000 Uncommon trap: reason=unstable_if action=reinterpret pc=0x000000000461f9a4 method=com.android.dx.cf.code.Merger.isPossiblyAssignableFrom(Lcom/android/dx/rop/type/TypeBearer;Lcom/android/dx/rop/type/TypeBearer;)Z @ 131
Event: 1175.804 Thread 0x000000005c26f800 Uncommon trap: reason=class_check action=maybe_recompile pc=0x000000000483fae4 method=com.android.dx.util.BitIntSet.merge(Lcom/android/dx/util/IntSet;)V @ 1
Event: 1175.804 Thread 0x000000005c26f800 Uncommon trap: reason=class_check action=maybe_recompile pc=0x000000000483fae4 method=com.android.dx.util.BitIntSet.merge(Lcom/android/dx/util/IntSet;)V @ 1
Event: 1175.804 Thread 0x000000005c26f800 Uncommon trap: reason=class_check action=maybe_recompile pc=0x000000000483fae4 method=com.android.dx.util.BitIntSet.merge(Lcom/android/dx/util/IntSet;)V @ 1
Event: 1175.805 Thread 0x000000005c26f800 Uncommon trap: reason=class_check action=maybe_recompile pc=0x000000000483fae4 method=com.android.dx.util.BitIntSet.merge(Lcom/android/dx/util/IntSet;)V @ 1

Internal exceptions (10 events):
Event: 1171.055 Thread 0x000000005c271000 Implicit null exception at 0x0000000002d76392 to 0x0000000002d7648a
Event: 1171.055 Thread 0x000000005c271000 Implicit null exception at 0x000000000263a3ed to 0x000000000263b359
Event: 1174.356 Thread 0x000000005933d800 Exception <a 'sun/nio/fs/WindowsException'> (0x00000000e37d2028) thrown at [C:\re\workspace\8-2-build-windows-amd64-cygwin\jdk8u121\8372\hotspot\src\share\vm\prims\jni.cpp, line 709]
Event: 1175.809 Thread 0x000000005c26c000 Exception <a 'java/lang/OutOfMemoryError': unable to create new native thread> (0x00000000e1116678) thrown at [C:\re\workspace\8-2-build-windows-amd64-cygwin\jdk8u121\8372\hotspot\src\share\vm\prims\jvm.cpp, line 3033]
Event: 1175.813 Thread 0x000000005c26c000 Exception <a 'java/lang/OutOfMemoryError': unable to create new native thread> (0x00000000e5df56c8) thrown at [C:\re\workspace\8-2-build-windows-amd64-cygwin\jdk8u121\8372\hotspot\src\share\vm\prims\jvm.cpp, line 3033]
Event: 1175.815 Thread 0x0000000059337800 Exception <a 'java/lang/reflect/InvocationTargetException'> (0x00000000e5e68be8) thrown at [C:\re\workspace\8-2-build-windows-amd64-cygwin\jdk8u121\8372\hotspot\src\share\vm\runtime\reflection.cpp, line 1092]
Event: 1175.837 Thread 0x000000005933c000 Exception <a 'sun/nio/fs/WindowsException'> (0x00000000e629d7a8) thrown at [C:\re\workspace\8-2-build-windows-amd64-cygwin\jdk8u121\8372\hotspot\src\share\vm\prims\jni.cpp, line 709]
Event: 1175.862 Thread 0x000000005933c000 Exception <a 'sun/nio/fs/WindowsException'> (0x00000000e6eb6438) thrown at [C:\re\workspace\8-2-build-windows-amd64-cygwin\jdk8u121\8372\hotspot\src\share\vm\prims\jni.cpp, line 709]
Event: 1175.869 Thread 0x000000005c26c000 Exception <a 'java/lang/OutOfMemoryError': unable to create new native thread> (0x00000000e729b9a0) thrown at [C:\re\workspace\8-2-build-windows-amd64-cygwin\jdk8u121\8372\hotspot\src\share\vm\prims\jvm.cpp, line 3033]
Event: 1175.896 Thread 0x000000005933c000 Exception <a 'sun/nio/fs/WindowsException'> (0x00000000e7813700) thrown at [C:\re\workspace\8-2-build-windows-amd64-cygwin\jdk8u121\8372\hotspot\src\share\vm\prims\jni.cpp, line 709]

Events (10 events):
Event: 1176.009 Thread 0x0000000055f8c800 flushing nmethod 0x0000000002b5e1d0
Event: 1176.009 Thread 0x0000000055f8c800 flushing nmethod 0x0000000002b87bd0
Event: 1176.009 Thread 0x0000000055f8c800 flushing nmethod 0x0000000002b88990
Event: 1176.010 Thread 0x0000000055f8c800 flushing nmethod 0x0000000002c7fcd0
Event: 1176.010 Thread 0x0000000055f8c800 flushing nmethod 0x0000000002e9e2d0
Event: 1176.010 Thread 0x0000000055f8c800 flushing nmethod 0x0000000002eb4f10
Event: 1176.011 Thread 0x0000000055f8c800 flushing nmethod 0x0000000002f592d0
Event: 1176.011 Thread 0x0000000055f8c800 flushing nmethod 0x00000000031043d0
Event: 1176.011 Thread 0x0000000055f8c800 flushing nmethod 0x0000000003279690
Event: 1176.012 Thread 0x0000000055f8c800 flushing nmethod 0x00000000033c0a50


Dynamic libraries:
0x000000013fcd0000 - 0x000000013fd07000 	C:\Program Files\Java\jdk1.8.0_121\bin\java.exe
0x00000000778c0000 - 0x0000000077a6a000 	C:\windows\SYSTEM32\ntdll.dll
0x00000000777a0000 - 0x00000000778bf000 	C:\windows\system32\kernel32.dll
0x000007fefd880000 - 0x000007fefd8ea000 	C:\windows\system32\KERNELBASE.dll
0x000007fefde40000 - 0x000007fefdf1b000 	C:\windows\system32\ADVAPI32.dll
0x000007feffa00000 - 0x000007feffa9f000 	C:\windows\system32\msvcrt.dll
0x000007feff110000 - 0x000007feff12f000 	C:\windows\SYSTEM32\sechost.dll
0x000007fefee00000 - 0x000007fefef2d000 	C:\windows\system32\RPCRT4.dll
0x00000000776a0000 - 0x000000007779a000 	C:\windows\system32\USER32.dll
0x000007fefdc80000 - 0x000007fefdce7000 	C:\windows\system32\GDI32.dll
0x000007feff130000 - 0x000007feff13e000 	C:\windows\system32\LPK.dll
0x000007fefecb0000 - 0x000007fefed7b000 	C:\windows\system32\USP10.dll
0x000007fefc240000 - 0x000007fefc434000 	C:\windows\WinSxS\amd64_microsoft.windows.common-controls_6595b64144ccf1df_6.0.7601.18837_none_fa3b1e3d17594757\COMCTL32.dll
0x000007feff5a0000 - 0x000007feff611000 	C:\windows\system32\SHLWAPI.dll
0x000007feff8d0000 - 0x000007feff8fe000 	C:\windows\system32\IMM32.DLL
0x000007feff7b0000 - 0x000007feff8b9000 	C:\windows\system32\MSCTF.dll
0x0000000070870000 - 0x0000000070942000 	C:\Program Files\Java\jdk1.8.0_121\jre\bin\msvcr100.dll
0x000000006fe50000 - 0x00000000706eb000 	C:\Program Files\Java\jdk1.8.0_121\jre\bin\server\jvm.dll
0x000007fefb5f0000 - 0x000007fefb5f9000 	C:\windows\system32\WSOCK32.dll
0x000007fefddf0000 - 0x000007fefde3d000 	C:\windows\system32\WS2_32.dll
0x000007feff8c0000 - 0x000007feff8c8000 	C:\windows\system32\NSI.dll
0x000007fefaeb0000 - 0x000007fefaeeb000 	C:\windows\system32\WINMM.dll
0x000007fefc8d0000 - 0x000007fefc8dc000 	C:\windows\system32\VERSION.dll
0x0000000077a90000 - 0x0000000077a97000 	C:\windows\system32\PSAPI.DLL
0x0000000072ee0000 - 0x0000000072eef000 	C:\Program Files\Java\jdk1.8.0_121\jre\bin\verify.dll
0x0000000072eb0000 - 0x0000000072ed9000 	C:\Program Files\Java\jdk1.8.0_121\jre\bin\java.dll
0x0000000072e90000 - 0x0000000072ea6000 	C:\Program Files\Java\jdk1.8.0_121\jre\bin\zip.dll
0x000007fefdf20000 - 0x000007fefecab000 	C:\windows\system32\SHELL32.dll
0x000007feff3a0000 - 0x000007feff59c000 	C:\windows\system32\ole32.dll
0x000007fefd7d0000 - 0x000007fefd7df000 	C:\windows\system32\profapi.dll
0x0000000072dc0000 - 0x0000000072dda000 	C:\Program Files\Java\jdk1.8.0_121\jre\bin\net.dll
0x000007fefcfc0000 - 0x000007fefd015000 	C:\windows\system32\mswsock.dll
0x000007fefcfb0000 - 0x000007fefcfb7000 	C:\windows\System32\wship6.dll
0x0000000072da0000 - 0x0000000072db1000 	C:\Program Files\Java\jdk1.8.0_121\jre\bin\nio.dll
0x000007fef3570000 - 0x000007fef358e000 	C:\Users\admin\.gradle\native\23\windows-amd64\native-platform.dll
0x000007fefd020000 - 0x000007fefd038000 	C:\windows\system32\CRYPTSP.dll
0x000007fefcd20000 - 0x000007fefcd67000 	C:\windows\system32\rsaenh.dll
0x000007fefcae0000 - 0x000007fefcafe000 	C:\windows\system32\USERENV.dll
0x000007fefd700000 - 0x000007fefd70f000 	C:\windows\system32\CRYPTBASE.dll
0x000007fefb320000 - 0x000007fefb347000 	C:\windows\system32\IPHLPAPI.DLL
0x000007fefb310000 - 0x000007fefb31b000 	C:\windows\system32\WINNSI.DLL
0x000007fefa5a0000 - 0x000007fefa5b1000 	C:\windows\system32\dhcpcsvc6.DLL
0x000007fefa580000 - 0x000007fefa598000 	C:\windows\system32\dhcpcsvc.DLL
0x00000000710d0000 - 0x00000000710dd000 	C:\Program Files\Java\jdk1.8.0_121\jre\bin\management.dll
0x000007fefd6a0000 - 0x000007fefd6f7000 	C:\windows\system32\apphelp.dll

VM Arguments:
jvm_args: -Xmx1536m -Dfile.encoding=GBK -Duser.country=CN -Duser.language=zh -Duser.variant 
java_command: org.gradle.launcher.daemon.bootstrap.GradleDaemon 3.3
java_class_path (initial): C:\Users\admin\.gradle\wrapper\dists\gradle-3.3-all\55gk2rcmfc6p2dg9u9ohc3hw9\gradle-3.3\lib\gradle-launcher-3.3.jar
Launcher Type: SUN_STANDARD

Environment Variables:
JAVA_HOME=C:\Program Files\Java\jdk1.7.0_17
CLASSPATH=.;C:\Program Files\Java\jdk1.7.0_17\lib;
PATH=C:\Program Files (x86)\Common Files\NetSarang;C:\Program Files\Java\jdk1.7.0_17\bin;C:\Program Files\Java\jdk1.7.0_17\jre\bin;C:\windows\system32\;C:\Program Files (x86)\Common Files\microsoft shared\TigerKin;D:\Program Files (x86)\MySQL\MySQL Server 5.5\bin;D:\Program Files\adt-bundle-windows-x86-20131030\sdk\platform-tools;C:\windows;C:\windows\system32\wbem;D:\Program Files\MySQL\MySQL Server 5.5\bin;D:\Program Files (x86)\MySQL\MySQL Server 5.1\bin;C:\strawberry\c\bin;C:\strawberry\perl\bin;C:\Program Files (x86)\GtkSharp\2.12\bin;C:\Program Files (x86)\Microsoft SQL Server\80\Tools\Binn\;C:\Program Files\Git\cmd;C:\Program Files\Java\jdk1.7.0_17\bin;C:\Users\admin\AppData\Local\Android\sdk\platform-tools;C:\Users\admin\AppData\Local\Android\sdk\tools;C:\Program Files\TortoiseSVN\bin;
USERNAME=admin
OS=Windows_NT
PROCESSOR_IDENTIFIER=Intel64 Family 6 Model 94 Stepping 3, GenuineIntel



---------------  S Y S T E M  ---------------

OS: Windows 7 , 64 bit Build 7601 (6.1.7601.23807)

CPU:total 4 (4 cores per cpu, 1 threads per core) family 6 model 94 stepping 3, cmov, cx8, fxsr, mmx, sse, sse2, sse3, ssse3, sse4.1, sse4.2, popcnt, avx, avx2, aes, clmul, erms, rtm, 3dnowpref, lzcnt, tsc, tscinvbit, bmi1, bmi2, adx

Memory: 4k page, physical 8340100k(152336k free), swap 10435392k(6244k free)

vm_info: Java HotSpot(TM) 64-Bit Server VM (25.121-b13) for windows-amd64 JRE (1.8.0_121-b13), built on Dec 12 2016 18:21:36 by "java_re" with MS VC++ 10.0 (VS2010)

time: Wed Jul 05 16:28:18 2017
elapsed time: 1176 seconds (0d 0h 19m 36s)

